#
# A fatal error has been detected by the Java Runtime Environment:
#
#  SIGSEGV (0xb) at pc=0x00007f9630a50009, pid=18762, tid=18763
#
# JRE version: OpenJDK Runtime Environment (9.0) (build 9-internal+0-2016-04-14-195246.buildd.src)
# Java VM: OpenJDK 64-Bit Server VM (9-internal+0-2016-04-14-195246.buildd.src, mixed mode, tiered, compressed oops, g1 gc, linux-amd64)
# Problematic frame:
# C  [libjava.so+0x1d009]  JNU_GetEnv+0x19
#
# No core dump will be written. Core dumps have been disabled. To enable core dumping, try "ulimit -c unlimited" before starting Java again
#
# If you would like to submit a bug report, please visit:
#   http://bugreport.java.com/bugreport/crash.jsp
# The crash happened outside the Java Virtual Machine in native code.
# See problematic frame for where to report the bug.
#

---------------  S U M M A R Y ------------

Command Line: VisTool

Host: Intel(R) Xeon(R) CPU E5-1620 v2 @ 3.70GHz, 8 cores, 7G, Ubuntu 16.04.5 LTS
Time: Thu Dec 13 17:18:49 2018 CET elapsed time: 6 seconds (0d 0h 0m 6s)

---------------  T H R E A D  ---------------

Current thread (0x00007f962c00f000):  JavaThread "main" [_thread_in_native, id=18763, stack(0x00007f96337ab000,0x00007f96338ac000)]

Stack: [0x00007f96337ab000,0x00007f96338ac000],  sp=0x00007f96338a8e90,  free space=1015k
Native frames: (J=compiled Java code, j=interpreted, Vv=VM code, C=native code)
C  [libjava.so+0x1d009]  JNU_GetEnv+0x19
C  [libfontmanager.so+0x33f8e]
C  [libfreetype.so.6+0x14d2b]  FT_Stream_Seek+0x1b

Java frames: (J=compiled Java code, j=interpreted, Vv=VM code)
j  sun.font.FreetypeFontScaler.initNativeScaler(Lsun/font/Font2D;IIZI)J+0 java.desktop@9-internal
j  sun.font.FreetypeFontScaler.<init>(Lsun/font/Font2D;IZI)V+26 java.desktop@9-internal
v  ~StubRoutines::call_stub
j  sun.reflect.NativeConstructorAccessorImpl.newInstance0(Ljava/lang/reflect/Constructor;[Ljava/lang/Object;)Ljava/lang/Object;+0 java.base@9-internal
j  sun.reflect.NativeConstructorAccessorImpl.newInstance([Ljava/lang/Object;)Ljava/lang/Object;+85 java.base@9-internal
j  sun.reflect.DelegatingConstructorAccessorImpl.newInstance([Ljava/lang/Object;)Ljava/lang/Object;+5 java.base@9-internal
j  java.lang.reflect.Constructor.newInstance([Ljava/lang/Object;)Ljava/lang/Object;+65 java.base@9-internal
j  sun.font.FontScaler.getScaler(Lsun/font/Font2D;IZI)Lsun/font/FontScaler;+39 java.desktop@9-internal
j  sun.font.TrueTypeFont.getScaler()Lsun/font/FontScaler;+21 java.desktop@9-internal
j  sun.font.FileFontStrike.<init>(Lsun/font/FileFont;Lsun/font/FontStrikeDesc;)V+204 java.desktop@9-internal
j  sun.font.FileFont.createStrike(Lsun/font/FontStrikeDesc;)Lsun/font/FontStrike;+18 java.desktop@9-internal
j  sun.font.Font2D.getStrike(Lsun/font/FontStrikeDesc;Z)Lsun/font/FontStrike;+92 java.desktop@9-internal
j  sun.font.Font2D.getStrike(Lsun/font/FontStrikeDesc;)Lsun/font/FontStrike;+3 java.desktop@9-internal
j  sun.font.CompositeStrike.getStrikeForSlot(I)Lsun/font/PhysicalStrike;+23 java.desktop@9-internal
j  sun.font.CompositeStrike.getFontMetrics()Lsun/font/StrikeMetrics;+31 java.desktop@9-internal
j  sun.font.FontDesignMetrics.initMatrixAndMetrics()V+28 java.desktop@9-internal
j  sun.font.FontDesignMetrics.<init>(Ljava/awt/Font;Ljava/awt/font/FontRenderContext;)V+62 java.desktop@9-internal
j  sun.font.FontDesignMetrics.getMetrics(Ljava/awt/Font;Ljava/awt/font/FontRenderContext;)Lsun/font/FontDesignMetrics;+128 java.desktop@9-internal
j  sun.swing.SwingUtilities2.getFontMetrics(Ljavax/swing/JComponent;Ljava/awt/Font;)Ljava/awt/FontMetrics;+15 java.desktop@9-internal
j  javax.swing.JComponent.getFontMetrics(Ljava/awt/Font;)Ljava/awt/FontMetrics;+2 java.desktop@9-internal
j  sun.swing.MenuItemLayoutHelper.reset(Ljavax/swing/JMenuItem;Ljavax/swing/Icon;Ljavax/swing/Icon;Ljava/awt/Rectangle;ILjava/lang/String;ZLjava/awt/Font;Ljava/awt/Font;ZLjava/lang/String;)V+77 java.desktop@9-internal
j  sun.swing.MenuItemLayoutHelper.<init>(Ljavax/swing/JMenuItem;Ljavax/swing/Icon;Ljavax/swing/Icon;Ljava/awt/Rectangle;ILjava/lang/String;ZLjava/awt/Font;Ljava/awt/Font;ZLjava/lang/String;)V+24 java.desktop@9-internal
j  javax.swing.plaf.basic.BasicMenuItemUI.getPreferredMenuItemSize(Ljavax/swing/JComponent;Ljavax/swing/Icon;Ljavax/swing/Icon;I)Ljava/awt/Dimension;+48 java.desktop@9-internal
j  javax.swing.plaf.basic.BasicMenuItemUI.getPreferredSize(Ljavax/swing/JComponent;)Ljava/awt/Dimension;+14 java.desktop@9-internal
j  javax.swing.JComponent.getPreferredSize()Ljava/awt/Dimension;+26 java.desktop@9-internal
j  javax.swing.BoxLayout.checkRequests()V+111 java.desktop@9-internal
j  javax.swing.BoxLayout.layoutContainer(Ljava/awt/Container;)V+127 java.desktop@9-internal
j  java.awt.Container.layout()V+11 java.desktop@9-internal
j  java.awt.Container.doLayout()V+1 java.desktop@9-internal
j  java.awt.Container.validateTree()V+47 java.desktop@9-internal
j  java.awt.Container.validateTree()V+110 java.desktop@9-internal
j  java.awt.Container.validateTree()V+110 java.desktop@9-internal
j  java.awt.Container.validateTree()V+110 java.desktop@9-internal
j  java.awt.Container.validate()V+60 java.desktop@9-internal
j  java.awt.Container.validateUnconditionally()V+14 java.desktop@9-internal
j  java.awt.Window.pack()V+68 java.desktop@9-internal
j  VisTool.main([Ljava/lang/String;)V+898
v  ~StubRoutines::call_stub

siginfo: si_signo: 11 (SIGSEGV), si_code: 1 (SEGV_MAPERR), si_addr: 0x0000000000000000

Register to memory mapping:

RAX=0x0000000000000000 is an unknown value
RBX=0x0000000000000000 is an unknown value
RCX=0x0000000000000000 is an unknown value
RDX=0x0000000000010002 is an unknown value
RSP=0x00007f96338a8e90 is pointing into the stack for thread: 0x00007f962c00f000
RBP=0x00007f96338a8ea0 is pointing into the stack for thread: 0x00007f962c00f000
RSI=0x0000000000010002 is an unknown value
RDI=0x0000000000000000 is an unknown value
R8 =0x0000000000000000 is an unknown value
R9 =0x0000000000955000 is an unknown value
R10=0x00000000000001db is an unknown value
R11=0x00007f9630a4fff0: JNU_GetEnv+0x0000000000000000 in /usr/lib/jvm/java-9-openjdk-amd64/lib/amd64/libjava.so at 0x00007f9630a33000
R12=0x00007f962c925910 is an unknown value
R13=0x0000000000000000 is an unknown value
R14=0x0000000000000000 is an unknown value
R15=0x00007f962c954f20 is an unknown value


Registers:
RAX=0x0000000000000000, RBX=0x0000000000000000, RCX=0x0000000000000000, RDX=0x0000000000010002
RSP=0x00007f96338a8e90, RBP=0x00007f96338a8ea0, RSI=0x0000000000010002, RDI=0x0000000000000000
R8 =0x0000000000000000, R9 =0x0000000000955000, R10=0x00000000000001db, R11=0x00007f9630a4fff0
R12=0x00007f962c925910, R13=0x0000000000000000, R14=0x0000000000000000, R15=0x00007f962c954f20
RIP=0x00007f9630a50009, EFLAGS=0x0000000000010246, CSGSFS=0x0000000000000033, ERR=0x0000000000000004
  TRAPNO=0x000000000000000e

Top of Stack: (sp=0x00007f96338a8e90)
0x00007f96338a8e90:   0000000000000000 1295e3b4892e8000
0x00007f96338a8ea0:   00007f96338a8ee0 00007f95b9392f8e
0x00007f96338a8eb0:   00007f962c000078 00007f962c925910
0x00007f96338a8ec0:   0000000000000000 0000000000000000
0x00007f96338a8ed0:   00007f962c925910 00007f962c954f20
0x00007f96338a8ee0:   0000000000000000 00007f95b90c9d2b
0x00007f96338a8ef0:   0000000000000000 00007f95b935bd80
0x00007f96338a8f00:   0000000000000000 00007f95b90dd8e0
0x00007f96338a8f10:   0000000000000002 0000003200000008
0x00007f96338a8f20:   0000000000000000 0000000000000000
0x00007f96338a8f30:   0000006e0000005b 0000000000000000
0x00007f96338a8f40:   0000000000000000 0000007c00000077
0x00007f96338a8f50:   0000000000000000 0000000000000000
0x00007f96338a8f60:   0000000001010101 0101010101010101
0x00007f96338a8f70:   0000000000000000 00007f962c000020
0x00007f96338a8f80:   0000000000000070 00007f96338a9034
0x00007f96338a8f90:   00007f962c92aa20 00007f962c954f20
0x00007f96338a8fa0:   00007f96338a9034 00007f963316a184
0x00007f96338a8fb0:   00007f96338a9100 00007f96338a8fe4
0x00007f96338a8fc0:   00007f95b93589e0 1295e3b4892e8000
0x00007f96338a8fd0:   0000000000000070 00007f962c925a20
0x00007f96338a8fe0:   00007f95b93589e0 00007f96338a90f8
0x00007f96338a8ff0:   00007f962c92aa20 00007f962c954f20
0x00007f96338a9000:   00007f962c9267e0 00007f95b90cc4c2
0x00007f96338a9010:   0000000100000000 00007f96338a9100
0x00007f96338a9020:   0000000000000000 0000000000000000
0x00007f96338a9030:   00000000338a90f8 1295e3b4892e8000
0x00007f96338a9040:   00007f962c925a20 00007f96338a9100
0x00007f96338a9050:   0000000000000000 00007f962c92a948
0x00007f96338a9060:   00007f96338a9300 00007f962c92a8a8
0x00007f96338a9070:   00007f962c92aa20 00007f95b90ce581
0x00007f96338a9080:   00007f96338a9100 00007f95b90ce376 

Instructions: (pc=0x00007f9630a50009)
0x00007f9630a4ffe9:   ff eb ea 0f 1f 40 00 55 89 f2 48 89 e5 48 83 ec
0x00007f9630a4fff9:   10 64 48 8b 04 25 28 00 00 00 48 89 45 f8 31 c0
0x00007f9630a50009:   48 8b 07 48 8d 75 f0 ff 50 30 48 8b 4d f8 64 48
0x00007f9630a50019:   33 0c 25 28 00 00 00 48 8b 45 f0 75 02 c9 c3 e8 


---------------  P R O C E S S  ---------------

Java Threads: ( => current thread )
  0x00007f956800b000 JavaThread "SeedGenerator Thread" daemon [_thread_blocked, id=18828, stack(0x00007f958cca5000,0x00007f958cda6000)]
  0x00007f9568001000 JavaThread "SeedGenerator Thread" daemon [_thread_blocked, id=18824, stack(0x00007f958cdfd000,0x00007f958cefe000)]
  0x00007f962c400000 JavaThread "SeedGenerator Thread" daemon [_thread_in_Java, id=18803, stack(0x00007f958cefe000,0x00007f958cfff000)]
  0x00007f962c36f800 JavaThread "AWT-EventQueue-0" [_thread_blocked, id=18802, stack(0x00007f95b867c000,0x00007f95b877d000)]
  0x00007f962c291000 JavaThread "AWT-Shutdown" [_thread_blocked, id=18801, stack(0x00007f95b877d000,0x00007f95b887e000)]
  0x00007f962c34a000 JavaThread "AWT-XAWT" daemon [_thread_blocked, id=18800, stack(0x00007f95b887e000,0x00007f95b897f000)]
  0x00007f962c329000 JavaThread "Java2D Disposer" daemon [_thread_blocked, id=18799, stack(0x00007f95b8d8f000,0x00007f95b8e90000)]
  0x00007f962c254000 JavaThread "Service Thread" daemon [_thread_blocked, id=18797, stack(0x00007f95badee000,0x00007f95baeef000)]
  0x00007f962c1be000 JavaThread "Common-Cleaner" daemon [_thread_blocked, id=18796, stack(0x00007f95baeef000,0x00007f95baff0000)]
  0x00007f962c19f000 JavaThread "Sweeper thread" daemon [_thread_blocked, id=18795, stack(0x00007f95bb41a000,0x00007f95bb51b000)]
  0x00007f962c195000 JavaThread "C1 CompilerThread3" daemon [_thread_blocked, id=18794, stack(0x00007f95bb51b000,0x00007f95bb61c000)]
  0x00007f962c193000 JavaThread "C2 CompilerThread2" daemon [_thread_blocked, id=18793, stack(0x00007f95bb61c000,0x00007f95bb71d000)]
  0x00007f962c191000 JavaThread "C2 CompilerThread1" daemon [_thread_blocked, id=18792, stack(0x00007f95bb71d000,0x00007f95bb81e000)]
  0x00007f962c18f000 JavaThread "C2 CompilerThread0" daemon [_thread_blocked, id=18791, stack(0x00007f95bb81e000,0x00007f95bb91f000)]
  0x00007f962c18b000 JavaThread "Signal Dispatcher" daemon [_thread_blocked, id=18790, stack(0x00007f95bb91f000,0x00007f95bba20000)]
  0x00007f962c189000 JavaThread "Surrogate Locker Thread (Concurrent GC)" daemon [_thread_blocked, id=18789, stack(0x00007f95bba20000,0x00007f95bbb21000)]
  0x00007f962c177800 JavaThread "Finalizer" daemon [_thread_blocked, id=18788, stack(0x00007f95bbdfe000,0x00007f95bbeff000)]
  0x00007f962c173800 JavaThread "Reference Handler" daemon [_thread_blocked, id=18787, stack(0x00007f95bbeff000,0x00007f95bc000000)]
=>0x00007f962c00f000 JavaThread "main" [_thread_in_native, id=18763, stack(0x00007f96337ab000,0x00007f96338ac000)]

Other Threads:
  0x00007f962c169800 VMThread [stack: 0x00007f95c80b9000,0x00007f95c81ba000] [id=18786]
  0x00007f962c257000 WatcherThread [stack: 0x00007f95baced000,0x00007f95badee000] [id=18798]

Threads with active compile tasks:

VM state:synchronizing (normal execution)

VM Mutex/Monitor currently owned by a thread:  ([mutex/lock_event])
[0x00007f962c00d630] Safepoint_lock - owner thread: 0x00007f962c169800
[0x00007f962c00d6b0] Threads_lock - owner thread: 0x00007f962c169800

heap address: 0x0000000084200000, size: 1982 MB, Compressed Oops mode: 32-bit
Narrow klass base: 0x0000000000000000, Narrow klass shift: 3
Compressed class space size: 1073741824 Address: 0x0000000100000000

Heap:
 garbage-first heap   total 126976K, used 7168K [0x0000000084200000, 0x00000000843003e0, 0x0000000100000000)
  region size 1024K, 8 young (8192K), 0 survivors (0K)
 Metaspace       used 12419K, capacity 12888K, committed 13184K, reserved 1060864K
  class space    used 1447K, capacity 1613K, committed 1664K, reserved 1048576K

Heap Regions: E=young(eden), S=young(survivor), O=old, HS=humongous(starts), HC=humongous(continues), CS=collection set, F=free, A=archive, TS=gc time stamp, AC=allocation context, TAMS=top-at-mark-start (previous, next)
|   0|0x0000000084200000, 0x0000000084200000, 0x0000000084300000|  0%| F|  |TS  0|AC  0|TAMS 0x0000000084200000, 0x0000000084200000|
|   1|0x0000000084300000, 0x0000000084300000, 0x0000000084400000|  0%| F|  |TS  0|AC  0|TAMS 0x0000000084300000, 0x0000000084300000|
|   2|0x0000000084400000, 0x0000000084400000, 0x0000000084500000|  0%| F|  |TS  0|AC  0|TAMS 0x0000000084400000, 0x0000000084400000|
|   3|0x0000000084500000, 0x0000000084500000, 0x0000000084600000|  0%| F|  |TS  0|AC  0|TAMS 0x0000000084500000, 0x0000000084500000|
|   4|0x0000000084600000, 0x0000000084600000, 0x0000000084700000|  0%| F|  |TS  0|AC  0|TAMS 0x0000000084600000, 0x0000000084600000|
|   5|0x0000000084700000, 0x0000000084700000, 0x0000000084800000|  0%| F|  |TS  0|AC  0|TAMS 0x0000000084700000, 0x0000000084700000|
|   6|0x0000000084800000, 0x0000000084800000, 0x0000000084900000|  0%| F|  |TS  0|AC  0|TAMS 0x0000000084800000, 0x0000000084800000|
|   7|0x0000000084900000, 0x0000000084900000, 0x0000000084a00000|  0%| F|  |TS  0|AC  0|TAMS 0x0000000084900000, 0x0000000084900000|
|   8|0x0000000084a00000, 0x0000000084a00000, 0x0000000084b00000|  0%| F|  |TS  0|AC  0|TAMS 0x0000000084a00000, 0x0000000084a00000|
|   9|0x0000000084b00000, 0x0000000084b00000, 0x0000000084c00000|  0%| F|  |TS  0|AC  0|TAMS 0x0000000084b00000, 0x0000000084b00000|
|  10|0x0000000084c00000, 0x0000000084c00000, 0x0000000084d00000|  0%| F|  |TS  0|AC  0|TAMS 0x0000000084c00000, 0x0000000084c00000|
|  11|0x0000000084d00000, 0x0000000084d00000, 0x0000000084e00000|  0%| F|  |TS  0|AC  0|TAMS 0x0000000084d00000, 0x0000000084d00000|
|  12|0x0000000084e00000, 0x0000000084e00000, 0x0000000084f00000|  0%| F|  |TS  0|AC  0|TAMS 0x0000000084e00000, 0x0000000084e00000|
|  13|0x0000000084f00000, 0x0000000084f00000, 0x0000000085000000|  0%| F|  |TS  0|AC  0|TAMS 0x0000000084f00000, 0x0000000084f00000|
|  14|0x0000000085000000, 0x0000000085000000, 0x0000000085100000|  0%| F|  |TS  0|AC  0|TAMS 0x0000000085000000, 0x0000000085000000|
|  15|0x0000000085100000, 0x0000000085100000, 0x0000000085200000|  0%| F|  |TS  0|AC  0|TAMS 0x0000000085100000, 0x0000000085100000|
|  16|0x0000000085200000, 0x0000000085200000, 0x0000000085300000|  0%| F|  |TS  0|AC  0|TAMS 0x0000000085200000, 0x0000000085200000|
|  17|0x0000000085300000, 0x0000000085300000, 0x0000000085400000|  0%| F|  |TS  0|AC  0|TAMS 0x0000000085300000, 0x0000000085300000|
|  18|0x0000000085400000, 0x0000000085400000, 0x0000000085500000|  0%| F|  |TS  0|AC  0|TAMS 0x0000000085400000, 0x0000000085400000|
|  19|0x0000000085500000, 0x0000000085500000, 0x0000000085600000|  0%| F|  |TS  0|AC  0|TAMS 0x0000000085500000, 0x0000000085500000|
|  20|0x0000000085600000, 0x0000000085600000, 0x0000000085700000|  0%| F|  |TS  0|AC  0|TAMS 0x0000000085600000, 0x0000000085600000|
|  21|0x0000000085700000, 0x0000000085700000, 0x0000000085800000|  0%| F|  |TS  0|AC  0|TAMS 0x0000000085700000, 0x0000000085700000|
|  22|0x0000000085800000, 0x0000000085800000, 0x0000000085900000|  0%| F|  |TS  0|AC  0|TAMS 0x0000000085800000, 0x0000000085800000|
|  23|0x0000000085900000, 0x0000000085900000, 0x0000000085a00000|  0%| F|  |TS  0|AC  0|TAMS 0x0000000085900000, 0x0000000085900000|
|  24|0x0000000085a00000, 0x0000000085a00000, 0x0000000085b00000|  0%| F|  |TS  0|AC  0|TAMS 0x0000000085a00000, 0x0000000085a00000|
|  25|0x0000000085b00000, 0x0000000085b00000, 0x0000000085c00000|  0%| F|  |TS  0|AC  0|TAMS 0x0000000085b00000, 0x0000000085b00000|
|  26|0x0000000085c00000, 0x0000000085c00000, 0x0000000085d00000|  0%| F|  |TS  0|AC  0|TAMS 0x0000000085c00000, 0x0000000085c00000|
|  27|0x0000000085d00000, 0x0000000085d00000, 0x0000000085e00000|  0%| F|  |TS  0|AC  0|TAMS 0x0000000085d00000, 0x0000000085d00000|
|  28|0x0000000085e00000, 0x0000000085e00000, 0x0000000085f00000|  0%| F|  |TS  0|AC  0|TAMS 0x0000000085e00000, 0x0000000085e00000|
|  29|0x0000000085f00000, 0x0000000085f00000, 0x0000000086000000|  0%| F|  |TS  0|AC  0|TAMS 0x0000000085f00000, 0x0000000085f00000|
|  30|0x0000000086000000, 0x0000000086000000, 0x0000000086100000|  0%| F|  |TS  0|AC  0|TAMS 0x0000000086000000, 0x0000000086000000|
|  31|0x0000000086100000, 0x0000000086100000, 0x0000000086200000|  0%| F|  |TS  0|AC  0|TAMS 0x0000000086100000, 0x0000000086100000|
|  32|0x0000000086200000, 0x0000000086200000, 0x0000000086300000|  0%| F|  |TS  0|AC  0|TAMS 0x0000000086200000, 0x0000000086200000|
|  33|0x0000000086300000, 0x0000000086300000, 0x0000000086400000|  0%| F|  |TS  0|AC  0|TAMS 0x0000000086300000, 0x0000000086300000|
|  34|0x0000000086400000, 0x0000000086400000, 0x0000000086500000|  0%| F|  |TS  0|AC  0|TAMS 0x0000000086400000, 0x0000000086400000|
|  35|0x0000000086500000, 0x0000000086500000, 0x0000000086600000|  0%| F|  |TS  0|AC  0|TAMS 0x0000000086500000, 0x0000000086500000|
|  36|0x0000000086600000, 0x0000000086600000, 0x0000000086700000|  0%| F|  |TS  0|AC  0|TAMS 0x0000000086600000, 0x0000000086600000|
|  37|0x0000000086700000, 0x0000000086700000, 0x0000000086800000|  0%| F|  |TS  0|AC  0|TAMS 0x0000000086700000, 0x0000000086700000|
|  38|0x0000000086800000, 0x0000000086800000, 0x0000000086900000|  0%| F|  |TS  0|AC  0|TAMS 0x0000000086800000, 0x0000000086800000|
|  39|0x0000000086900000, 0x0000000086900000, 0x0000000086a00000|  0%| F|  |TS  0|AC  0|TAMS 0x0000000086900000, 0x0000000086900000|
|  40|0x0000000086a00000, 0x0000000086a00000, 0x0000000086b00000|  0%| F|  |TS  0|AC  0|TAMS 0x0000000086a00000, 0x0000000086a00000|
|  41|0x0000000086b00000, 0x0000000086b00000, 0x0000000086c00000|  0%| F|  |TS  0|AC  0|TAMS 0x0000000086b00000, 0x0000000086b00000|
|  42|0x0000000086c00000, 0x0000000086c00000, 0x0000000086d00000|  0%| F|  |TS  0|AC  0|TAMS 0x0000000086c00000, 0x0000000086c00000|
|  43|0x0000000086d00000, 0x0000000086d00000, 0x0000000086e00000|  0%| F|  |TS  0|AC  0|TAMS 0x0000000086d00000, 0x0000000086d00000|
|  44|0x0000000086e00000, 0x0000000086e00000, 0x0000000086f00000|  0%| F|  |TS  0|AC  0|TAMS 0x0000000086e00000, 0x0000000086e00000|
|  45|0x0000000086f00000, 0x0000000086f00000, 0x0000000087000000|  0%| F|  |TS  0|AC  0|TAMS 0x0000000086f00000, 0x0000000086f00000|
|  46|0x0000000087000000, 0x0000000087000000, 0x0000000087100000|  0%| F|  |TS  0|AC  0|TAMS 0x0000000087000000, 0x0000000087000000|
|  47|0x0000000087100000, 0x0000000087100000, 0x0000000087200000|  0%| F|  |TS  0|AC  0|TAMS 0x0000000087100000, 0x0000000087100000|
|  48|0x0000000087200000, 0x0000000087200000, 0x0000000087300000|  0%| F|  |TS  0|AC  0|TAMS 0x0000000087200000, 0x0000000087200000|
|  49|0x0000000087300000, 0x0000000087300000, 0x0000000087400000|  0%| F|  |TS  0|AC  0|TAMS 0x0000000087300000, 0x0000000087300000|
|  50|0x0000000087400000, 0x0000000087400000, 0x0000000087500000|  0%| F|  |TS  0|AC  0|TAMS 0x0000000087400000, 0x0000000087400000|
|  51|0x0000000087500000, 0x0000000087500000, 0x0000000087600000|  0%| F|  |TS  0|AC  0|TAMS 0x0000000087500000, 0x0000000087500000|
|  52|0x0000000087600000, 0x0000000087600000, 0x0000000087700000|  0%| F|  |TS  0|AC  0|TAMS 0x0000000087600000, 0x0000000087600000|
|  53|0x0000000087700000, 0x0000000087700000, 0x0000000087800000|  0%| F|  |TS  0|AC  0|TAMS 0x0000000087700000, 0x0000000087700000|
|  54|0x0000000087800000, 0x0000000087800000, 0x0000000087900000|  0%| F|  |TS  0|AC  0|TAMS 0x0000000087800000, 0x0000000087800000|
|  55|0x0000000087900000, 0x0000000087900000, 0x0000000087a00000|  0%| F|  |TS  0|AC  0|TAMS 0x0000000087900000, 0x0000000087900000|
|  56|0x0000000087a00000, 0x0000000087a00000, 0x0000000087b00000|  0%| F|  |TS  0|AC  0|TAMS 0x0000000087a00000, 0x0000000087a00000|
|  57|0x0000000087b00000, 0x0000000087b00000, 0x0000000087c00000|  0%| F|  |TS  0|AC  0|TAMS 0x0000000087b00000, 0x0000000087b00000|
|  58|0x0000000087c00000, 0x0000000087c00000, 0x0000000087d00000|  0%| F|  |TS  0|AC  0|TAMS 0x0000000087c00000, 0x0000000087c00000|
|  59|0x0000000087d00000, 0x0000000087d00000, 0x0000000087e00000|  0%| F|  |TS  0|AC  0|TAMS 0x0000000087d00000, 0x0000000087d00000|
|  60|0x0000000087e00000, 0x0000000087e00000, 0x0000000087f00000|  0%| F|  |TS  0|AC  0|TAMS 0x0000000087e00000, 0x0000000087e00000|
|  61|0x0000000087f00000, 0x0000000087f00000, 0x0000000088000000|  0%| F|  |TS  0|AC  0|TAMS 0x0000000087f00000, 0x0000000087f00000|
|  62|0x0000000088000000, 0x0000000088000000, 0x0000000088100000|  0%| F|  |TS  0|AC  0|TAMS 0x0000000088000000, 0x0000000088000000|
|  63|0x0000000088100000, 0x0000000088100000, 0x0000000088200000|  0%| F|  |TS  0|AC  0|TAMS 0x0000000088100000, 0x0000000088100000|
|  64|0x0000000088200000, 0x0000000088200000, 0x0000000088300000|  0%| F|  |TS  0|AC  0|TAMS 0x0000000088200000, 0x0000000088200000|
|  65|0x0000000088300000, 0x0000000088300000, 0x0000000088400000|  0%| F|  |TS  0|AC  0|TAMS 0x0000000088300000, 0x0000000088300000|
|  66|0x0000000088400000, 0x0000000088400000, 0x0000000088500000|  0%| F|  |TS  0|AC  0|TAMS 0x0000000088400000, 0x0000000088400000|
|  67|0x0000000088500000, 0x0000000088500000, 0x0000000088600000|  0%| F|  |TS  0|AC  0|TAMS 0x0000000088500000, 0x0000000088500000|
|  68|0x0000000088600000, 0x0000000088600000, 0x0000000088700000|  0%| F|  |TS  0|AC  0|TAMS 0x0000000088600000, 0x0000000088600000|
|  69|0x0000000088700000, 0x0000000088700000, 0x0000000088800000|  0%| F|  |TS  0|AC  0|TAMS 0x0000000088700000, 0x0000000088700000|
|  70|0x0000000088800000, 0x0000000088800000, 0x0000000088900000|  0%| F|  |TS  0|AC  0|TAMS 0x0000000088800000, 0x0000000088800000|
|  71|0x0000000088900000, 0x0000000088900000, 0x0000000088a00000|  0%| F|  |TS  0|AC  0|TAMS 0x0000000088900000, 0x0000000088900000|
|  72|0x0000000088a00000, 0x0000000088a00000, 0x0000000088b00000|  0%| F|  |TS  0|AC  0|TAMS 0x0000000088a00000, 0x0000000088a00000|
|  73|0x0000000088b00000, 0x0000000088b00000, 0x0000000088c00000|  0%| F|  |TS  0|AC  0|TAMS 0x0000000088b00000, 0x0000000088b00000|
|  74|0x0000000088c00000, 0x0000000088c00000, 0x0000000088d00000|  0%| F|  |TS  0|AC  0|TAMS 0x0000000088c00000, 0x0000000088c00000|
|  75|0x0000000088d00000, 0x0000000088d00000, 0x0000000088e00000|  0%| F|  |TS  0|AC  0|TAMS 0x0000000088d00000, 0x0000000088d00000|
|  76|0x0000000088e00000, 0x0000000088e00000, 0x0000000088f00000|  0%| F|  |TS  0|AC  0|TAMS 0x0000000088e00000, 0x0000000088e00000|
|  77|0x0000000088f00000, 0x0000000088f00000, 0x0000000089000000|  0%| F|  |TS  0|AC  0|TAMS 0x0000000088f00000, 0x0000000088f00000|
|  78|0x0000000089000000, 0x0000000089000000, 0x0000000089100000|  0%| F|  |TS  0|AC  0|TAMS 0x0000000089000000, 0x0000000089000000|
|  79|0x0000000089100000, 0x0000000089100000, 0x0000000089200000|  0%| F|  |TS  0|AC  0|TAMS 0x0000000089100000, 0x0000000089100000|
|  80|0x0000000089200000, 0x0000000089200000, 0x0000000089300000|  0%| F|  |TS  0|AC  0|TAMS 0x0000000089200000, 0x0000000089200000|
|  81|0x0000000089300000, 0x0000000089300000, 0x0000000089400000|  0%| F|  |TS  0|AC  0|TAMS 0x0000000089300000, 0x0000000089300000|
|  82|0x0000000089400000, 0x0000000089400000, 0x0000000089500000|  0%| F|  |TS  0|AC  0|TAMS 0x0000000089400000, 0x0000000089400000|
|  83|0x0000000089500000, 0x0000000089500000, 0x0000000089600000|  0%| F|  |TS  0|AC  0|TAMS 0x0000000089500000, 0x0000000089500000|
|  84|0x0000000089600000, 0x0000000089600000, 0x0000000089700000|  0%| F|  |TS  0|AC  0|TAMS 0x0000000089600000, 0x0000000089600000|
|  85|0x0000000089700000, 0x0000000089700000, 0x0000000089800000|  0%| F|  |TS  0|AC  0|TAMS 0x0000000089700000, 0x0000000089700000|
|  86|0x0000000089800000, 0x0000000089800000, 0x0000000089900000|  0%| F|  |TS  0|AC  0|TAMS 0x0000000089800000, 0x0000000089800000|
|  87|0x0000000089900000, 0x0000000089900000, 0x0000000089a00000|  0%| F|  |TS  0|AC  0|TAMS 0x0000000089900000, 0x0000000089900000|
|  88|0x0000000089a00000, 0x0000000089a00000, 0x0000000089b00000|  0%| F|  |TS  0|AC  0|TAMS 0x0000000089a00000, 0x0000000089a00000|
|  89|0x0000000089b00000, 0x0000000089b00000, 0x0000000089c00000|  0%| F|  |TS  0|AC  0|TAMS 0x0000000089b00000, 0x0000000089b00000|
|  90|0x0000000089c00000, 0x0000000089c00000, 0x0000000089d00000|  0%| F|  |TS  0|AC  0|TAMS 0x0000000089c00000, 0x0000000089c00000|
|  91|0x0000000089d00000, 0x0000000089d00000, 0x0000000089e00000|  0%| F|  |TS  0|AC  0|TAMS 0x0000000089d00000, 0x0000000089d00000|
|  92|0x0000000089e00000, 0x0000000089e00000, 0x0000000089f00000|  0%| F|  |TS  0|AC  0|TAMS 0x0000000089e00000, 0x0000000089e00000|
|  93|0x0000000089f00000, 0x0000000089f00000, 0x000000008a000000|  0%| F|  |TS  0|AC  0|TAMS 0x0000000089f00000, 0x0000000089f00000|
|  94|0x000000008a000000, 0x000000008a000000, 0x000000008a100000|  0%| F|  |TS  0|AC  0|TAMS 0x000000008a000000, 0x000000008a000000|
|  95|0x000000008a100000, 0x000000008a100000, 0x000000008a200000|  0%| F|  |TS  0|AC  0|TAMS 0x000000008a100000, 0x000000008a100000|
|  96|0x000000008a200000, 0x000000008a200000, 0x000000008a300000|  0%| F|  |TS  0|AC  0|TAMS 0x000000008a200000, 0x000000008a200000|
|  97|0x000000008a300000, 0x000000008a300000, 0x000000008a400000|  0%| F|  |TS  0|AC  0|TAMS 0x000000008a300000, 0x000000008a300000|
|  98|0x000000008a400000, 0x000000008a400000, 0x000000008a500000|  0%| F|  |TS  0|AC  0|TAMS 0x000000008a400000, 0x000000008a400000|
|  99|0x000000008a500000, 0x000000008a500000, 0x000000008a600000|  0%| F|  |TS  0|AC  0|TAMS 0x000000008a500000, 0x000000008a500000|
| 100|0x000000008a600000, 0x000000008a600000, 0x000000008a700000|  0%| F|  |TS  0|AC  0|TAMS 0x000000008a600000, 0x000000008a600000|
| 101|0x000000008a700000, 0x000000008a700000, 0x000000008a800000|  0%| F|  |TS  0|AC  0|TAMS 0x000000008a700000, 0x000000008a700000|
| 102|0x000000008a800000, 0x000000008a800000, 0x000000008a900000|  0%| F|  |TS  0|AC  0|TAMS 0x000000008a800000, 0x000000008a800000|
| 103|0x000000008a900000, 0x000000008a900000, 0x000000008aa00000|  0%| F|  |TS  0|AC  0|TAMS 0x000000008a900000, 0x000000008a900000|
| 104|0x000000008aa00000, 0x000000008aa00000, 0x000000008ab00000|  0%| F|  |TS  0|AC  0|TAMS 0x000000008aa00000, 0x000000008aa00000|
| 105|0x000000008ab00000, 0x000000008ab00000, 0x000000008ac00000|  0%| F|  |TS  0|AC  0|TAMS 0x000000008ab00000, 0x000000008ab00000|
| 106|0x000000008ac00000, 0x000000008ac00000, 0x000000008ad00000|  0%| F|  |TS  0|AC  0|TAMS 0x000000008ac00000, 0x000000008ac00000|
| 107|0x000000008ad00000, 0x000000008ad00000, 0x000000008ae00000|  0%| F|  |TS  0|AC  0|TAMS 0x000000008ad00000, 0x000000008ad00000|
| 108|0x000000008ae00000, 0x000000008ae00000, 0x000000008af00000|  0%| F|  |TS  0|AC  0|TAMS 0x000000008ae00000, 0x000000008ae00000|
| 109|0x000000008af00000, 0x000000008af00000, 0x000000008b000000|  0%| F|  |TS  0|AC  0|TAMS 0x000000008af00000, 0x000000008af00000|
| 110|0x000000008b000000, 0x000000008b000000, 0x000000008b100000|  0%| F|  |TS  0|AC  0|TAMS 0x000000008b000000, 0x000000008b000000|
| 111|0x000000008b100000, 0x000000008b100000, 0x000000008b200000|  0%| F|  |TS  0|AC  0|TAMS 0x000000008b100000, 0x000000008b100000|
| 112|0x000000008b200000, 0x000000008b200000, 0x000000008b300000|  0%| F|  |TS  0|AC  0|TAMS 0x000000008b200000, 0x000000008b200000|
| 113|0x000000008b300000, 0x000000008b300000, 0x000000008b400000|  0%| F|  |TS  0|AC  0|TAMS 0x000000008b300000, 0x000000008b300000|
| 114|0x000000008b400000, 0x000000008b400000, 0x000000008b500000|  0%| F|  |TS  0|AC  0|TAMS 0x000000008b400000, 0x000000008b400000|
| 115|0x000000008b500000, 0x000000008b500000, 0x000000008b600000|  0%| F|  |TS  0|AC  0|TAMS 0x000000008b500000, 0x000000008b500000|
| 116|0x000000008b600000, 0x000000008b67b640, 0x000000008b700000| 48%| E|  |TS  0|AC  0|TAMS 0x000000008b600000, 0x000000008b600000|
| 117|0x000000008b700000, 0x000000008b800000, 0x000000008b800000|100%| E|CS|TS  0|AC  0|TAMS 0x000000008b700000, 0x000000008b700000|
| 118|0x000000008b800000, 0x000000008b900000, 0x000000008b900000|100%| E|CS|TS  0|AC  0|TAMS 0x000000008b800000, 0x000000008b800000|
| 119|0x000000008b900000, 0x000000008ba00000, 0x000000008ba00000|100%| E|CS|TS  0|AC  0|TAMS 0x000000008b900000, 0x000000008b900000|
| 120|0x000000008ba00000, 0x000000008bb00000, 0x000000008bb00000|100%| E|CS|TS  0|AC  0|TAMS 0x000000008ba00000, 0x000000008ba00000|
| 121|0x000000008bb00000, 0x000000008bc00000, 0x000000008bc00000|100%| E|CS|TS  0|AC  0|TAMS 0x000000008bb00000, 0x000000008bb00000|
| 122|0x000000008bc00000, 0x000000008bd00000, 0x000000008bd00000|100%| E|CS|TS  0|AC  0|TAMS 0x000000008bc00000, 0x000000008bc00000|
| 123|0x000000008bd00000, 0x000000008be00000, 0x000000008be00000|100%| E|CS|TS  0|AC  0|TAMS 0x000000008bd00000, 0x000000008bd00000|

Card table byte_map: [0x00007f95cf842000,0x00007f95cfc21000] byte_map_base: 0x00007f95cf421000

Marking Bits (Prev, Next): (CMBitMap*) 0x00007f962c07c130, (CMBitMap*) 0x00007f962c07c188
 Prev Bits: [0x00007f95cd56b000, 0x00007f95cf463000)
 Next Bits: [0x00007f95cb673000, 0x00007f95cd56b000)

Polling page: 0x00007f96338e2000

CodeHeap 'non-nmethods': size=5700Kb used=1261Kb max_used=1272Kb free=4439Kb
 bounds [0x00007f9615c51000, 0x00007f9615ec1000, 0x00007f96161e2000]
CodeHeap 'profiled nmethods': size=120028Kb used=1232Kb max_used=1232Kb free=118795Kb
 bounds [0x00007f96161e2000, 0x00007f9616452000, 0x00007f961d719000]
CodeHeap 'non-profiled nmethods': size=120032Kb used=231Kb max_used=231Kb free=119800Kb
 bounds [0x00007f961d719000, 0x00007f961d989000, 0x00007f9624c51000]
 total_blobs=1390 nmethods=702 adapters=441
 compilation: enabled

Compilation events (10 events):
Event: 6.248 Thread 0x00007f962c195000  699       3       java.lang.invoke.MethodHandleNatives::canBeCalledVirtual (132 bytes)
Event: 6.249 Thread 0x00007f962c195000 nmethod 699 0x00007f9616315010 code [0x00007f9616315220, 0x00007f9616315b58]
Event: 6.254 Thread 0x00007f962c193000 nmethod 694 0x00007f961d74e490 code [0x00007f961d74e6a0, 0x00007f961d74f448]
Event: 6.259 Thread 0x00007f962c195000  701       3       java.nio.HeapByteBuffer::_get (7 bytes)
Event: 6.259 Thread 0x00007f962c195000 nmethod 701 0x00007f9616315d90 code [0x00007f9616315f00, 0x00007f9616316070]
Event: 6.260 Thread 0x00007f962c195000  702       1       java.nio.Buffer::position (5 bytes)
Event: 6.260 Thread 0x00007f962c195000 nmethod 702 0x00007f961d74fb90 code [0x00007f961d74fd00, 0x00007f961d74fe10]
Event: 6.261 Thread 0x00007f962c195000  703       1       java.nio.Buffer::limit (5 bytes)
Event: 6.261 Thread 0x00007f962c18f000 nmethod 688 0x00007f961d74fe90 code [0x00007f961d7503e0, 0x00007f961d751d50]
Event: 6.261 Thread 0x00007f962c195000 nmethod 703 0x00007f961d752c10 code [0x00007f961d752d80, 0x00007f961d752e90]

GC Heap History (0 events):
No events

Deoptimization events (10 events):
Event: 0.882 Thread 0x00007f962c00f000 Uncommon trap: reason=class_check action=maybe_recompile pc=0x00007f961d724080 method=java.util.HashMap.putVal(ILjava/lang/Object;Ljava/lang/Object;ZZ)Ljava/lang/Object; @ 91
Event: 0.882 Thread 0x00007f962c00f000 Uncommon trap: reason=class_check action=maybe_recompile pc=0x00007f961d723b44 method=java.util.HashMap.putVal(ILjava/lang/Object;Ljava/lang/Object;ZZ)Ljava/lang/Object; @ 253
Event: 0.885 Thread 0x00007f962c00f000 Uncommon trap: reason=unstable_fused_if action=reinterpret pc=0x00007f961d7315f4 method=jdk.internal.org.objectweb.asm.ByteVector.putUTF8(Ljava/lang/String;)Ljdk/internal/org/objectweb/asm/ByteVector; @ 91
Event: 1.132 Thread 0x00007f962c00f000 Uncommon trap: reason=bimorphic_or_optimized_type_check action=maybe_recompile pc=0x00007f961d7449c8 method=java.util.HashMap.putVal(ILjava/lang/Object;Ljava/lang/Object;ZZ)Ljava/lang/Object; @ 253
Event: 1.132 Thread 0x00007f962c00f000 Uncommon trap: reason=bimorphic_or_optimized_type_check action=maybe_recompile pc=0x00007f961d7449c8 method=java.util.HashMap.putVal(ILjava/lang/Object;Ljava/lang/Object;ZZ)Ljava/lang/Object; @ 253
Event: 1.132 Thread 0x00007f962c00f000 Uncommon trap: reason=bimorphic_or_optimized_type_check action=maybe_recompile pc=0x00007f961d7449c8 method=java.util.HashMap.putVal(ILjava/lang/Object;Ljava/lang/Object;ZZ)Ljava/lang/Object; @ 253
Event: 1.132 Thread 0x00007f962c00f000 Uncommon trap: reason=bimorphic_or_optimized_type_check action=maybe_recompile pc=0x00007f961d7449c8 method=java.util.HashMap.putVal(ILjava/lang/Object;Ljava/lang/Object;ZZ)Ljava/lang/Object; @ 253
Event: 1.400 Thread 0x00007f962c400000 Uncommon trap: reason=unstable_if action=reinterpret pc=0x00007f961d7483c0 method=sun.security.provider.SeedGenerator$ThreadedSeedGenerator.run()V @ 120
Event: 6.223 Thread 0x00007f962c00f000 Uncommon trap: reason=unstable_if action=reinterpret pc=0x00007f961d733568 method=java.lang.String.equals(Ljava/lang/Object;)Z @ 27
Event: 6.223 Thread 0x00007f962c00f000 Uncommon trap: reason=unstable_if action=reinterpret pc=0x00007f961d7280f4 method=java.lang.String.charAt(I)C @ 4

Classes redefined (0 events):
No events

Internal exceptions (7 events):
Event: 0.243 Thread 0x00007f962c00f000 Exception <a 'java/lang/ClassNotFoundException': sun/awt/resources/awtProvider> (0x000000008bb96188) thrown at [/build/openjdk-9-argm_o/openjdk-9-9~b114/src/hotspot/src/share/vm/classfile/systemDictionary.cpp, line 224]
Event: 0.322 Thread 0x00007f962c00f000 Exception <a 'java/io/FileNotFoundException'> (0x000000008bbd6b88) thrown at [/build/openjdk-9-argm_o/openjdk-9-9~b114/src/hotspot/src/share/vm/prims/jni.cpp, line 605]
Event: 0.322 Thread 0x00007f962c00f000 Exception <a 'java/io/FileNotFoundException'> (0x000000008bbdebf8) thrown at [/build/openjdk-9-argm_o/openjdk-9-9~b114/src/hotspot/src/share/vm/prims/jni.cpp, line 605]
Event: 0.714 Thread 0x00007f962c00f000 Exception <a 'java/lang/ClassNotFoundException': com/sun/swing/internal/plaf/metal/resources/metalProvider> (0x000000008b981038) thrown at [/build/openjdk-9-argm_o/openjdk-9-9~b114/src/hotspot/src/share/vm/classfile/systemDictionary.cpp, line 224]
Event: 0.715 Thread 0x00007f962c00f000 Exception <a 'java/lang/ClassNotFoundException': com/sun/swing/internal/plaf/basic/resources/basicProvider> (0x000000008b9846f8) thrown at [/build/openjdk-9-argm_o/openjdk-9-9~b114/src/hotspot/src/share/vm/classfile/systemDictionary.cpp, line 224]
Event: 0.751 Thread 0x00007f962c00f000 Implicit null exception at 0x00007f961d7251be to 0x00007f961d725e7d
Event: 0.767 Thread 0x00007f962c00f000 Implicit null exception at 0x00007f961d724e0f to 0x00007f961d724e79

Events (10 events):
Event: 6.260 loading class sun/nio/cs/UTF_16$Decoder
Event: 6.260 loading class sun/nio/cs/UnicodeDecoder
Event: 6.260 loading class sun/nio/cs/UnicodeDecoder done
Event: 6.260 loading class sun/nio/cs/UTF_16$Decoder done
Event: 6.261 loading class sun/font/FileFontStrike
Event: 6.261 loading class sun/font/FileFontStrike done
Event: 6.261 loading class sun/font/FontScaler
Event: 6.261 loading class sun/font/FontScaler done
Event: 6.262 loading class sun/font/FreetypeFontScaler
Event: 6.262 loading class sun/font/FreetypeFontScaler done


Dynamic libraries:
00400000-00401000 r-xp 00000000 fc:02 810348                             /usr/lib/jvm/java-9-openjdk-amd64/bin/java
00600000-00601000 r--p 00000000 fc:02 810348                             /usr/lib/jvm/java-9-openjdk-amd64/bin/java
00601000-00602000 rw-p 00001000 fc:02 810348                             /usr/lib/jvm/java-9-openjdk-amd64/bin/java
018f8000-01919000 rw-p 00000000 00:00 0                                  [heap]
84200000-8be00000 rw-p 00000000 00:00 0 
8be00000-100000000 ---p 00000000 00:00 0 
100000000-1001a0000 rw-p 00000000 00:00 0 
1001a0000-140000000 ---p 00000000 00:00 0 
7f9560000000-7f9560021000 rw-p 00000000 00:00 0 
7f9560021000-7f9564000000 ---p 00000000 00:00 0 
7f9568000000-7f9568021000 rw-p 00000000 00:00 0 
7f9568021000-7f956c000000 ---p 00000000 00:00 0 
7f956c000000-7f956c021000 rw-p 00000000 00:00 0 
7f956c021000-7f9570000000 ---p 00000000 00:00 0 
7f9570000000-7f9570021000 rw-p 00000000 00:00 0 
7f9570021000-7f9574000000 ---p 00000000 00:00 0 
7f9574000000-7f9574021000 rw-p 00000000 00:00 0 
7f9574021000-7f9578000000 ---p 00000000 00:00 0 
7f9578000000-7f9578021000 rw-p 00000000 00:00 0 
7f9578021000-7f957c000000 ---p 00000000 00:00 0 
7f957c000000-7f957c021000 rw-p 00000000 00:00 0 
7f957c021000-7f9580000000 ---p 00000000 00:00 0 
7f9580000000-7f9580021000 rw-p 00000000 00:00 0 
7f9580021000-7f9584000000 ---p 00000000 00:00 0 
7f9584000000-7f9584021000 rw-p 00000000 00:00 0 
7f9584021000-7f9588000000 ---p 00000000 00:00 0 
7f9588000000-7f9588021000 rw-p 00000000 00:00 0 
7f9588021000-7f958c000000 ---p 00000000 00:00 0 
7f958cca5000-7f958cca9000 ---p 00000000 00:00 0 
7f958cca9000-7f958cda6000 rw-p 00000000 00:00 0 
7f958cda6000-7f958cdad000 r--s 00000000 fc:03 262642                     /var/cache/fontconfig/4be9850f182b35c1350b6bbf2e42601c-le64.cache-6
7f958cdad000-7f958cdaf000 r--s 00000000 fc:03 267531                     /var/cache/fontconfig/30a99c4256905863f7aa12b5e873c27c-le64.cache-6
7f958cdaf000-7f958cdb3000 r--s 00000000 fc:03 262481                     /var/cache/fontconfig/6aa41aa22e18b8fa06a12da28ea9c28b-le64.cache-6
7f958cdb3000-7f958cdbe000 r--s 00000000 fc:03 267377                     /var/cache/fontconfig/945677eb7aeaf62f1d50efc3fb3ec7d8-le64.cache-6
7f958cdbe000-7f958cdc0000 r--s 00000000 fc:03 267527                     /var/cache/fontconfig/99e8ed0e538f840c565b6ed5dad60d56-le64.cache-6
7f958cdc0000-7f958cdc9000 r--s 00000000 fc:03 267526                     /var/cache/fontconfig/a6d8cf8e4ec09cdbc8633c31745a07dd-le64.cache-6
7f958cdc9000-7f958cdcf000 r--s 00000000 fc:03 267525                     /var/cache/fontconfig/2cd17615ca594fa2959ae173292e504c-le64.cache-6
7f958cdcf000-7f958cdd6000 r--s 00000000 fc:03 267524                     /var/cache/fontconfig/6eb3985aa4124903f6ff08ba781cd364-le64.cache-6
7f958cdfd000-7f958ce01000 ---p 00000000 00:00 0 
7f958ce01000-7f958cefe000 rw-p 00000000 00:00 0 
7f958cefe000-7f958cf02000 ---p 00000000 00:00 0 
7f958cf02000-7f9590000000 rw-p 00000000 00:00 0 
7f9590000000-7f95901a6000 rw-p 00000000 00:00 0 
7f95901a6000-7f9594000000 ---p 00000000 00:00 0 
7f9594000000-7f9594021000 rw-p 00000000 00:00 0 
7f9594021000-7f9598000000 ---p 00000000 00:00 0 
7f9598000000-7f9598211000 rw-p 00000000 00:00 0 
7f9598211000-7f959c000000 ---p 00000000 00:00 0 
7f959c000000-7f959c1a2000 rw-p 00000000 00:00 0 
7f959c1a2000-7f95a0000000 ---p 00000000 00:00 0 
7f95a0000000-7f95a0021000 rw-p 00000000 00:00 0 
7f95a0021000-7f95a4000000 ---p 00000000 00:00 0 
7f95a4000000-7f95a432c000 rw-p 00000000 00:00 0 
7f95a432c000-7f95a8000000 ---p 00000000 00:00 0 
7f95a8000000-7f95a8021000 rw-p 00000000 00:00 0 
7f95a8021000-7f95ac000000 ---p 00000000 00:00 0 
7f95ac000000-7f95ac021000 rw-p 00000000 00:00 0 
7f95ac021000-7f95b0000000 ---p 00000000 00:00 0 
7f95b0000000-7f95b0021000 rw-p 00000000 00:00 0 
7f95b0021000-7f95b4000000 ---p 00000000 00:00 0 
7f95b4000000-7f95b4021000 rw-p 00000000 00:00 0 
7f95b4021000-7f95b8000000 ---p 00000000 00:00 0 
7f95b8000000-7f95b8001000 r--s 00000000 fc:03 267378                     /var/cache/fontconfig/087e1975ba9a574b140bb1df193bf770-le64.cache-6
7f95b8001000-7f95b8002000 r--s 00000000 fc:03 267523                     /var/cache/fontconfig/0d8c3b2ac0904cb8a57a757ad11a4a08-le64.cache-6
7f95b8002000-7f95b800d000 r--s 00000000 fc:03 267522                     /var/cache/fontconfig/6d41288fd70b0be22e8c3a91e032eec0-le64.cache-6
7f95b800d000-7f95b8011000 r--s 00000000 fc:03 267521                     /var/cache/fontconfig/de156ccd2eddbdc19d37a45b8b2aac9c-le64.cache-6
7f95b8011000-7f95b8026000 r--s 00000000 fc:03 267520                     /var/cache/fontconfig/04aabc0a78ac019cf9454389977116d2-le64.cache-6
7f95b8026000-7f95b8027000 r--s 00000000 fc:03 267519                     /var/cache/fontconfig/1ac9eb803944fde146138c791f5cc56a-le64.cache-6
7f95b806a000-7f95b81aa000 rw-p 00000000 00:00 0 
7f95b81aa000-7f95b826a000 ---p 00000000 00:00 0 
7f95b826a000-7f95b8275000 r-xp 00000000 fc:00 2671                       /lib/x86_64-linux-gnu/libnss_files-2.23.so
7f95b8275000-7f95b8474000 ---p 0000b000 fc:00 2671                       /lib/x86_64-linux-gnu/libnss_files-2.23.so
7f95b8474000-7f95b8475000 r--p 0000a000 fc:00 2671                       /lib/x86_64-linux-gnu/libnss_files-2.23.so
7f95b8475000-7f95b8476000 rw-p 0000b000 fc:00 2671                       /lib/x86_64-linux-gnu/libnss_files-2.23.so
7f95b8476000-7f95b867c000 rw-p 00000000 00:00 0 
7f95b867c000-7f95b8680000 ---p 00000000 00:00 0 
7f95b8680000-7f95b877d000 rw-p 00000000 00:00 0 
7f95b877d000-7f95b8781000 ---p 00000000 00:00 0 
7f95b8781000-7f95b887e000 rw-p 00000000 00:00 0 
7f95b887e000-7f95b8882000 ---p 00000000 00:00 0 
7f95b8882000-7f95b897f000 rw-p 00000000 00:00 0 
7f95b897f000-7f95b8984000 r-xp 00000000 fc:02 526952                     /usr/lib/x86_64-linux-gnu/libXfixes.so.3.1.0
7f95b8984000-7f95b8b83000 ---p 00005000 fc:02 526952                     /usr/lib/x86_64-linux-gnu/libXfixes.so.3.1.0
7f95b8b83000-7f95b8b84000 r--p 00004000 fc:02 526952                     /usr/lib/x86_64-linux-gnu/libXfixes.so.3.1.0
7f95b8b84000-7f95b8b85000 rw-p 00005000 fc:02 526952                     /usr/lib/x86_64-linux-gnu/libXfixes.so.3.1.0
7f95b8b85000-7f95b8b8e000 r-xp 00000000 fc:02 531222                     /usr/lib/x86_64-linux-gnu/libXcursor.so.1.0.2
7f95b8b8e000-7f95b8d8d000 ---p 00009000 fc:02 531222                     /usr/lib/x86_64-linux-gnu/libXcursor.so.1.0.2
7f95b8d8d000-7f95b8d8e000 r--p 00008000 fc:02 531222                     /usr/lib/x86_64-linux-gnu/libXcursor.so.1.0.2
7f95b8d8e000-7f95b8d8f000 rw-p 00009000 fc:02 531222                     /usr/lib/x86_64-linux-gnu/libXcursor.so.1.0.2
7f95b8d8f000-7f95b8d93000 ---p 00000000 00:00 0 
7f95b8d93000-7f95b8e90000 rw-p 00000000 00:00 0 
7f95b8e90000-7f95b8eb4000 r-xp 00000000 fc:00 604                        /lib/x86_64-linux-gnu/libpng12.so.0.54.0
7f95b8eb4000-7f95b90b3000 ---p 00024000 fc:00 604                        /lib/x86_64-linux-gnu/libpng12.so.0.54.0
7f95b90b3000-7f95b90b4000 r--p 00023000 fc:00 604                        /lib/x86_64-linux-gnu/libpng12.so.0.54.0
7f95b90b4000-7f95b90b5000 rw-p 00024000 fc:00 604                        /lib/x86_64-linux-gnu/libpng12.so.0.54.0
7f95b90b5000-7f95b9159000 r-xp 00000000 fc:02 527246                     /usr/lib/x86_64-linux-gnu/libfreetype.so.6.12.1
7f95b9159000-7f95b9358000 ---p 000a4000 fc:02 527246                     /usr/lib/x86_64-linux-gnu/libfreetype.so.6.12.1
7f95b9358000-7f95b935e000 r--p 000a3000 fc:02 527246                     /usr/lib/x86_64-linux-gnu/libfreetype.so.6.12.1
7f95b935e000-7f95b935f000 rw-p 000a9000 fc:02 527246                     /usr/lib/x86_64-linux-gnu/libfreetype.so.6.12.1
7f95b935f000-7f95b9425000 r-xp 00000000 fc:02 944684                     /usr/lib/jvm/java-9-openjdk-amd64/lib/amd64/libfontmanager.so
7f95b9425000-7f95b9624000 ---p 000c6000 fc:02 944684                     /usr/lib/jvm/java-9-openjdk-amd64/lib/amd64/libfontmanager.so
7f95b9624000-7f95b9627000 r--p 000c5000 fc:02 944684                     /usr/lib/jvm/java-9-openjdk-amd64/lib/amd64/libfontmanager.so
7f95b9627000-7f95b9628000 rw-p 000c8000 fc:02 944684                     /usr/lib/jvm/java-9-openjdk-amd64/lib/amd64/libfontmanager.so
7f95b9628000-7f95b9629000 rw-p 00000000 00:00 0 
7f95b9629000-7f95b962e000 r-xp 00000000 fc:02 526937                     /usr/lib/x86_64-linux-gnu/libXdmcp.so.6.0.0
7f95b962e000-7f95b982d000 ---p 00005000 fc:02 526937                     /usr/lib/x86_64-linux-gnu/libXdmcp.so.6.0.0
7f95b982d000-7f95b982e000 r--p 00004000 fc:02 526937                     /usr/lib/x86_64-linux-gnu/libXdmcp.so.6.0.0
7f95b982e000-7f95b982f000 rw-p 00005000 fc:02 526937                     /usr/lib/x86_64-linux-gnu/libXdmcp.so.6.0.0
7f95b982f000-7f95b9831000 r-xp 00000000 fc:02 526935                     /usr/lib/x86_64-linux-gnu/libXau.so.6.0.0
7f95b9831000-7f95b9a31000 ---p 00002000 fc:02 526935                     /usr/lib/x86_64-linux-gnu/libXau.so.6.0.0
7f95b9a31000-7f95b9a32000 r--p 00002000 fc:02 526935                     /usr/lib/x86_64-linux-gnu/libXau.so.6.0.0
7f95b9a32000-7f95b9a33000 rw-p 00003000 fc:02 526935                     /usr/lib/x86_64-linux-gnu/libXau.so.6.0.0
7f95b9a33000-7f95b9a54000 r-xp 00000000 fc:02 526939                     /usr/lib/x86_64-linux-gnu/libxcb.so.1.1.0
7f95b9a54000-7f95b9c53000 ---p 00021000 fc:02 526939                     /usr/lib/x86_64-linux-gnu/libxcb.so.1.1.0
7f95b9c53000-7f95b9c54000 r--p 00020000 fc:02 526939                     /usr/lib/x86_64-linux-gnu/libxcb.so.1.1.0
7f95b9c54000-7f95b9c55000 rw-p 00021000 fc:02 526939                     /usr/lib/x86_64-linux-gnu/libxcb.so.1.1.0
7f95b9c55000-7f95b9c64000 r-xp 00000000 fc:02 527334                     /usr/lib/x86_64-linux-gnu/libXi.so.6.1.0
7f95b9c64000-7f95b9e63000 ---p 0000f000 fc:02 527334                     /usr/lib/x86_64-linux-gnu/libXi.so.6.1.0
7f95b9e63000-7f95b9e64000 r--p 0000e000 fc:02 527334                     /usr/lib/x86_64-linux-gnu/libXi.so.6.1.0
7f95b9e64000-7f95b9e65000 rw-p 0000f000 fc:02 527334                     /usr/lib/x86_64-linux-gnu/libXi.so.6.1.0
7f95b9e65000-7f95b9e6a000 r-xp 00000000 fc:02 527256                     /usr/lib/x86_64-linux-gnu/libXtst.so.6.1.0
7f95b9e6a000-7f95ba069000 ---p 00005000 fc:02 527256                     /usr/lib/x86_64-linux-gnu/libXtst.so.6.1.0
7f95ba069000-7f95ba06a000 r--p 00004000 fc:02 527256                     /usr/lib/x86_64-linux-gnu/libXtst.so.6.1.0
7f95ba06a000-7f95ba06b000 rw-p 00005000 fc:02 527256                     /usr/lib/x86_64-linux-gnu/libXtst.so.6.1.0
7f95ba06b000-7f95ba074000 r-xp 00000000 fc:02 526954                     /usr/lib/x86_64-linux-gnu/libXrender.so.1.3.0
7f95ba074000-7f95ba273000 ---p 00009000 fc:02 526954                     /usr/lib/x86_64-linux-gnu/libXrender.so.1.3.0
7f95ba273000-7f95ba274000 r--p 00008000 fc:02 526954                     /usr/lib/x86_64-linux-gnu/libXrender.so.1.3.0
7f95ba274000-7f95ba275000 rw-p 00009000 fc:02 526954                     /usr/lib/x86_64-linux-gnu/libXrender.so.1.3.0
7f95ba275000-7f95ba3aa000 r-xp 00000000 fc:02 530955                     /usr/lib/x86_64-linux-gnu/libX11.so.6.3.0
7f95ba3aa000-7f95ba5aa000 ---p 00135000 fc:02 530955                     /usr/lib/x86_64-linux-gnu/libX11.so.6.3.0
7f95ba5aa000-7f95ba5ab000 r--p 00135000 fc:02 530955                     /usr/lib/x86_64-linux-gnu/libX11.so.6.3.0
7f95ba5ab000-7f95ba5af000 rw-p 00136000 fc:02 530955                     /usr/lib/x86_64-linux-gnu/libX11.so.6.3.0
7f95ba5af000-7f95ba5c0000 r-xp 00000000 fc:02 526943                     /usr/lib/x86_64-linux-gnu/libXext.so.6.4.0
7f95ba5c0000-7f95ba7bf000 ---p 00011000 fc:02 526943                     /usr/lib/x86_64-linux-gnu/libXext.so.6.4.0
7f95ba7bf000-7f95ba7c0000 r--p 00010000 fc:02 526943                     /usr/lib/x86_64-linux-gnu/libXext.so.6.4.0
7f95ba7c0000-7f95ba7c1000 rw-p 00011000 fc:02 526943                     /usr/lib/x86_64-linux-gnu/libXext.so.6.4.0
7f95ba7c1000-7f95ba818000 r-xp 00000000 fc:02 944711                     /usr/lib/jvm/java-9-openjdk-amd64/lib/amd64/libawt_xawt.so
7f95ba818000-7f95baa18000 ---p 00057000 fc:02 944711                     /usr/lib/jvm/java-9-openjdk-amd64/lib/amd64/libawt_xawt.so
7f95baa18000-7f95baa19000 r--p 00057000 fc:02 944711                     /usr/lib/jvm/java-9-openjdk-amd64/lib/amd64/libawt_xawt.so
7f95baa19000-7f95baa1c000 rw-p 00058000 fc:02 944711                     /usr/lib/jvm/java-9-openjdk-amd64/lib/amd64/libawt_xawt.so
7f95baa1c000-7f95baa1d000 rw-p 00000000 00:00 0 
7f95baa1d000-7f95baabd000 r-xp 00000000 fc:02 944683                     /usr/lib/jvm/java-9-openjdk-amd64/lib/amd64/libawt.so
7f95baabd000-7f95bacbc000 ---p 000a0000 fc:02 944683                     /usr/lib/jvm/java-9-openjdk-amd64/lib/amd64/libawt.so
7f95bacbc000-7f95bacbd000 r--p 0009f000 fc:02 944683                     /usr/lib/jvm/java-9-openjdk-amd64/lib/amd64/libawt.so
7f95bacbd000-7f95bacc8000 rw-p 000a0000 fc:02 944683                     /usr/lib/jvm/java-9-openjdk-amd64/lib/amd64/libawt.so
7f95bacc8000-7f95baced000 rw-p 00000000 00:00 0 
7f95baced000-7f95bacee000 ---p 00000000 00:00 0 
7f95bacee000-7f95badee000 rw-p 00000000 00:00 0 
7f95badee000-7f95badf2000 ---p 00000000 00:00 0 
7f95badf2000-7f95baeef000 rw-p 00000000 00:00 0 
7f95baeef000-7f95baef3000 ---p 00000000 00:00 0 
7f95baef3000-7f95baff0000 rw-p 00000000 00:00 0 
7f95baff0000-7f95bb006000 r-xp 00000000 fc:02 944685                     /usr/lib/jvm/java-9-openjdk-amd64/lib/amd64/libnet.so
7f95bb006000-7f95bb205000 ---p 00016000 fc:02 944685                     /usr/lib/jvm/java-9-openjdk-amd64/lib/amd64/libnet.so
7f95bb205000-7f95bb206000 r--p 00015000 fc:02 944685                     /usr/lib/jvm/java-9-openjdk-amd64/lib/amd64/libnet.so
7f95bb206000-7f95bb207000 rw-p 00016000 fc:02 944685                     /usr/lib/jvm/java-9-openjdk-amd64/lib/amd64/libnet.so
7f95bb207000-7f95bb218000 r-xp 00000000 fc:02 944712                     /usr/lib/jvm/java-9-openjdk-amd64/lib/amd64/libnio.so
7f95bb218000-7f95bb418000 ---p 00011000 fc:02 944712                     /usr/lib/jvm/java-9-openjdk-amd64/lib/amd64/libnio.so
7f95bb418000-7f95bb419000 r--p 00011000 fc:02 944712                     /usr/lib/jvm/java-9-openjdk-amd64/lib/amd64/libnio.so
7f95bb419000-7f95bb41a000 rw-p 00012000 fc:02 944712                     /usr/lib/jvm/java-9-openjdk-amd64/lib/amd64/libnio.so
7f95bb41a000-7f95bb41e000 ---p 00000000 00:00 0 
7f95bb41e000-7f95bb51b000 rw-p 00000000 00:00 0 
7f95bb51b000-7f95bb51f000 ---p 00000000 00:00 0 
7f95bb51f000-7f95bb61c000 rw-p 00000000 00:00 0 
7f95bb61c000-7f95bb620000 ---p 00000000 00:00 0 
7f95bb620000-7f95bb71d000 rw-p 00000000 00:00 0 
7f95bb71d000-7f95bb721000 ---p 00000000 00:00 0 
7f95bb721000-7f95bb81e000 rw-p 00000000 00:00 0 
7f95bb81e000-7f95bb822000 ---p 00000000 00:00 0 
7f95bb822000-7f95bb91f000 rw-p 00000000 00:00 0 
7f95bb91f000-7f95bb923000 ---p 00000000 00:00 0 
7f95bb923000-7f95bba20000 rw-p 00000000 00:00 0 
7f95bba20000-7f95bba24000 ---p 00000000 00:00 0 
7f95bba24000-7f95bbb21000 rw-p 00000000 00:00 0 
7f95bbb21000-7f95bbdfe000 r--p 00000000 fc:02 524610                     /usr/lib/locale/locale-archive
7f95bbdfe000-7f95bbe02000 ---p 00000000 00:00 0 
7f95bbe02000-7f95bbeff000 rw-p 00000000 00:00 0 
7f95bbeff000-7f95bbf03000 ---p 00000000 00:00 0 
7f95bbf03000-7f95bc000000 rw-p 00000000 00:00 0 
7f95bc000000-7f95bc021000 rw-p 00000000 00:00 0 
7f95bc021000-7f95c0000000 ---p 00000000 00:00 0 
7f95c0000000-7f95c0021000 rw-p 00000000 00:00 0 
7f95c0021000-7f95c4000000 ---p 00000000 00:00 0 
7f95c4000000-7f95c4021000 rw-p 00000000 00:00 0 
7f95c4021000-7f95c8000000 ---p 00000000 00:00 0 
7f95c8000000-7f95c8001000 r--s 00000000 fc:03 267518                     /var/cache/fontconfig/b95bc8ffbebda2bbdae4265e45b8178d-le64.cache-6
7f95c8001000-7f95c8005000 r--s 00000000 fc:03 267517                     /var/cache/fontconfig/385c0604a188198f04d133e54aba7fe7-le64.cache-6
7f95c8005000-7f95c8006000 r--s 00000000 fc:03 267516                     /var/cache/fontconfig/9c956a7723ca69a44b382d9179c9802f-le64.cache-6
7f95c8006000-7f95c8007000 r--s 00000000 fc:03 267515                     /var/cache/fontconfig/dc05db6664285cc2f12bf69c139ae4c3-le64.cache-6
7f95c8007000-7f95c8008000 r--s 00000000 fc:03 267513                     /var/cache/fontconfig/5d1cca7074f29429a8d18692746c2426-le64.cache-6
7f95c8008000-7f95c800b000 r--s 00000000 fc:03 267512                     /var/cache/fontconfig/767a8244fc0220cfb567a839d0392e0b-le64.cache-6
7f95c800b000-7f95c800c000 r--s 00000000 fc:03 262649                     /var/cache/fontconfig/4794a0821666d79190d59a36cb4f44b5-le64.cache-6
7f95c800c000-7f95c800d000 r--s 00000000 fc:03 267510                     /var/cache/fontconfig/9eae20f1ff8cc0a7d125749e875856bd-le64.cache-6
7f95c800d000-7f95c8010000 r--s 00000000 fc:03 267509                     /var/cache/fontconfig/bf2c1853a9e9b00bb02fe2e9bcf1e201-le64.cache-6
7f95c8010000-7f95c8015000 r--s 00000000 fc:03 267508                     /var/cache/fontconfig/8801497958630a81b71ace7c5f9b32a8-le64.cache-6
7f95c8015000-7f95c8050000 r--s 00000000 fc:03 267507                     /var/cache/fontconfig/365b55f210c0a22e9a19e35191240f32-le64.cache-6
7f95c8050000-7f95c8054000 r--s 00000000 fc:03 267506                     /var/cache/fontconfig/c57959a16110560c8d0fcea73374aeeb-le64.cache-6
7f95c8054000-7f95c8055000 r--s 00000000 fc:03 267505                     /var/cache/fontconfig/bab58bb527bb656aaa9f116d68a48d89-le64.cache-6
7f95c8055000-7f95c805c000 r--s 00000000 fc:03 267504                     /var/cache/fontconfig/3047814df9a2f067bd2d96a2b9c36e5a-le64.cache-6
7f95c805c000-7f95c8064000 r--s 00000000 fc:03 267503                     /var/cache/fontconfig/bf3b770c553c462765856025a94f1ce6-le64.cache-6
7f95c8064000-7f95c8065000 r--s 00000000 fc:03 267502                     /var/cache/fontconfig/56cf4f4769d0f4abc89a4895d7bd3ae1-le64.cache-6
7f95c8065000-7f95c8066000 r--s 00000000 fc:03 267501                     /var/cache/fontconfig/b9d506c9ac06c20b433354fa67a72993-le64.cache-6
7f95c8066000-7f95c806c000 r--s 00000000 fc:03 267500                     /var/cache/fontconfig/b47c4e1ecd0709278f4910c18777a504-le64.cache-6
7f95c806c000-7f95c806f000 r--s 00000000 fc:03 267499                     /var/cache/fontconfig/14d493b97896515cad3840ba4896e372-le64.cache-6
7f95c806f000-7f95c8077000 r--s 00000000 fc:03 267498                     /var/cache/fontconfig/52f7bdb7ce746bfd7eaa1985bd9cfa93-le64.cache-6
7f95c8077000-7f95c807a000 r--s 00000000 fc:03 267497                     /var/cache/fontconfig/e49e89034d371f0f9de17aab02136486-le64.cache-6
7f95c807a000-7f95c807c000 r--s 00000000 fc:03 267496                     /var/cache/fontconfig/4b14b093aebc79c320de5e86ae1d3314-le64.cache-6
7f95c807c000-7f95c807d000 r--s 00000000 fc:03 267495                     /var/cache/fontconfig/8aec10f4cc8391dcef22ca549f1e4354-le64.cache-6
7f95c807d000-7f95c8090000 r--s 00000000 fc:03 267494                     /var/cache/fontconfig/d52a8644073d54c13679302ca1180695-le64.cache-6
7f95c8090000-7f95c8091000 r--s 00000000 fc:03 267493                     /var/cache/fontconfig/551ecf3b0e8b0bca0f25c0944f561853-le64.cache-6
7f95c8091000-7f95c8092000 r--s 00000000 fc:03 267492                     /var/cache/fontconfig/8a687c406b77f27d99abfeeba937fcce-le64.cache-6
7f95c8092000-7f95c8097000 r--s 00000000 fc:03 267491                     /var/cache/fontconfig/75ad6aa2358a85f0de2c8ee4837e8227-le64.cache-6
7f95c8097000-7f95c8098000 r--s 00000000 fc:03 267490                     /var/cache/fontconfig/ac2cf712d852da827a87a9baf682f5b9-le64.cache-6
7f95c8098000-7f95c809a000 r--s 00000000 fc:03 267489                     /var/cache/fontconfig/65f976e5259cbe6dc7697b8648396239-le64.cache-6
7f95c809a000-7f95c80a5000 r--s 00000000 fc:03 267488                     /var/cache/fontconfig/d589a48862398ed80a3d6066f4f56f4c-le64.cache-6
7f95c80a5000-7f95c80a9000 r--s 00000000 fc:03 267487                     /var/cache/fontconfig/246184dc75a16901ca37d96895904249-le64.cache-6
7f95c80a9000-7f95c80ab000 r--s 00000000 fc:03 267485                     /var/cache/fontconfig/423767150eb258c59035de29db6fca84-le64.cache-6
7f95c80ab000-7f95c80b9000 r--s 00000000 fc:03 267479                     /var/cache/fontconfig/198d8fcf01c96d0cf813f74fd759bdb7-le64.cache-6
7f95c80b9000-7f95c80ba000 ---p 00000000 00:00 0 
7f95c80ba000-7f95c8a8b000 rw-p 00000000 00:00 0 
7f95c8a8b000-7f95cb863000 rw-p 00000000 00:00 0 
7f95cb863000-7f95cd56b000 ---p 00000000 00:00 0 
7f95cd56b000-7f95cd75b000 rw-p 00000000 00:00 0 
7f95cd75b000-7f95cf463000 ---p 00000000 00:00 0 
7f95cf463000-7f95cf4a1000 rw-p 00000000 00:00 0 
7f95cf4a1000-7f95cf842000 ---p 00000000 00:00 0 
7f95cf842000-7f95cf880000 rw-p 00000000 00:00 0 
7f95cf880000-7f95d0000000 ---p 00000000 00:00 0 
7f95d0000000-7f95d0021000 rw-p 00000000 00:00 0 
7f95d0021000-7f95d4000000 ---p 00000000 00:00 0 
7f95d4000000-7f95d4021000 rw-p 00000000 00:00 0 
7f95d4021000-7f95d8000000 ---p 00000000 00:00 0 
7f95d8000000-7f95d8021000 rw-p 00000000 00:00 0 
7f95d8021000-7f95dc000000 ---p 00000000 00:00 0 
7f95dc000000-7f95dc021000 rw-p 00000000 00:00 0 
7f95dc021000-7f95e0000000 ---p 00000000 00:00 0 
7f95e0000000-7f95e0021000 rw-p 00000000 00:00 0 
7f95e0021000-7f95e4000000 ---p 00000000 00:00 0 
7f95e4000000-7f95e4021000 rw-p 00000000 00:00 0 
7f95e4021000-7f95e8000000 ---p 00000000 00:00 0 
7f95e8000000-7f95e8021000 rw-p 00000000 00:00 0 
7f95e8021000-7f95ec000000 ---p 00000000 00:00 0 
7f95ec000000-7f95ec021000 rw-p 00000000 00:00 0 
7f95ec021000-7f95f0000000 ---p 00000000 00:00 0 
7f95f0000000-7f95f0021000 rw-p 00000000 00:00 0 
7f95f0021000-7f95f4000000 ---p 00000000 00:00 0 
7f95f4000000-7f95f4021000 rw-p 00000000 00:00 0 
7f95f4021000-7f95f8000000 ---p 00000000 00:00 0 
7f95f8000000-7f95f8021000 rw-p 00000000 00:00 0 
7f95f8021000-7f95fc000000 ---p 00000000 00:00 0 
7f95fc000000-7f95fc021000 rw-p 00000000 00:00 0 
7f95fc021000-7f9600000000 ---p 00000000 00:00 0 
7f9600000000-7f9600021000 rw-p 00000000 00:00 0 
7f9600021000-7f9604000000 ---p 00000000 00:00 0 
7f9604000000-7f9604021000 rw-p 00000000 00:00 0 
7f9604021000-7f9608000000 ---p 00000000 00:00 0 
7f9608000000-7f9608021000 rw-p 00000000 00:00 0 
7f9608021000-7f960c000000 ---p 00000000 00:00 0 
7f960c000000-7f960c021000 rw-p 00000000 00:00 0 
7f960c021000-7f9610000000 ---p 00000000 00:00 0 
7f9610000000-7f9610021000 rw-p 00000000 00:00 0 
7f9610021000-7f9614000000 ---p 00000000 00:00 0 
7f9614000000-7f9614001000 r--s 00000000 fc:03 267486                     /var/cache/fontconfig/94f7fe9bd33aadfac165873bd010d595-le64.cache-6
7f9614001000-7f9614002000 r--s 00000000 fc:03 267484                     /var/cache/fontconfig/845c20fd2c4814bcec78e05d37a63ccc-le64.cache-6
7f9614002000-7f9614003000 r--s 00000000 fc:03 267483                     /var/cache/fontconfig/e7de81b01590fb7e12b38e274e17d0db-le64.cache-6
7f9614003000-7f9614004000 r--s 00000000 fc:03 267482                     /var/cache/fontconfig/406a1d2d2bf3ed7664fbadefac0b2f66-le64.cache-6
7f9614004000-7f9614006000 r--s 00000000 fc:03 267481                     /var/cache/fontconfig/67709b7835c0f764c1135060c9575660-le64.cache-6
7f9614006000-7f9614007000 r--s 00000000 fc:03 267480                     /var/cache/fontconfig/30829fa25452a46451e813d634d7f916-le64.cache-6
7f9614007000-7f9614008000 r--s 00000000 fc:03 267478                     /var/cache/fontconfig/0c9eb80ebd1c36541ebe2852d3bb0c49-le64.cache-6
7f9614008000-7f961400b000 r--s 00000000 fc:03 267476                     /var/cache/fontconfig/75114ca45c98e8a441da0ff356701271-le64.cache-6
7f961400b000-7f9614016000 r--s 00000000 fc:03 267475                     /var/cache/fontconfig/83bf95040141907cd45bb53cf7c1c148-le64.cache-6
7f9614016000-7f9614028000 r--s 00000000 fc:03 267474                     /var/cache/fontconfig/9b89f8e3dae116d678bbf48e5f21f69b-le64.cache-6
7f9614028000-7f961402f000 r--s 00000000 fc:03 267471                     /var/cache/fontconfig/53d14c92082a93e67d5078324eb314ca-le64.cache-6
7f961402f000-7f9614033000 r--s 00000000 fc:03 267470                     /var/cache/fontconfig/6c08beecf0dac481ec92e759e0c2e6d7-le64.cache-6
7f9614033000-7f9614037000 r--s 00000000 fc:03 267469                     /var/cache/fontconfig/4d6aee6d44eccb37054d3216e945f618-le64.cache-6
7f9614037000-7f961405a000 r--s 00000000 fc:03 264414                     /var/cache/fontconfig/cabbd14511b9e8a55e92af97fb3a0461-le64.cache-6
7f961405a000-7f961405b000 ---p 00000000 00:00 0 
7f961405b000-7f961415b000 rw-p 00000000 00:00 0 
7f961415b000-7f961415c000 ---p 00000000 00:00 0 
7f961415c000-7f961425c000 rw-p 00000000 00:00 0 
7f961425c000-7f961425d000 ---p 00000000 00:00 0 
7f961425d000-7f961439b000 rw-p 00000000 00:00 0 
7f961439b000-7f961473c000 ---p 00000000 00:00 0 
7f961473c000-7f961473d000 ---p 00000000 00:00 0 
7f961473d000-7f961483d000 rw-p 00000000 00:00 0 
7f961483d000-7f961483e000 ---p 00000000 00:00 0 
7f961483e000-7f961493e000 rw-p 00000000 00:00 0 
7f961493e000-7f961493f000 ---p 00000000 00:00 0 
7f961493f000-7f9614a3f000 rw-p 00000000 00:00 0 
7f9614a3f000-7f9614a40000 ---p 00000000 00:00 0 
7f9614a40000-7f9614b40000 rw-p 00000000 00:00 0 
7f9614b40000-7f9614b41000 ---p 00000000 00:00 0 
7f9614b41000-7f9614c41000 rw-p 00000000 00:00 0 
7f9614c41000-7f9614c42000 ---p 00000000 00:00 0 
7f9614c42000-7f9614d42000 rw-p 00000000 00:00 0 
7f9614d42000-7f9614d43000 ---p 00000000 00:00 0 
7f9614d43000-7f9614e43000 rw-p 00000000 00:00 0 
7f9614e43000-7f9614e44000 ---p 00000000 00:00 0 
7f9614e44000-7f9614f44000 rw-p 00000000 00:00 0 
7f9614f44000-7f9614f45000 ---p 00000000 00:00 0 
7f9614f45000-7f961584d000 rw-p 00000000 00:00 0 
7f961584d000-7f961584e000 ---p 00000000 00:00 0 
7f961584e000-7f961594e000 rw-p 00000000 00:00 0 
7f961594e000-7f961594f000 ---p 00000000 00:00 0 
7f961594f000-7f9615a4f000 rw-p 00000000 00:00 0 
7f9615a4f000-7f9615a50000 ---p 00000000 00:00 0 
7f9615a50000-7f9615b50000 rw-p 00000000 00:00 0 
7f9615b50000-7f9615b51000 ---p 00000000 00:00 0 
7f9615b51000-7f9615c51000 rw-p 00000000 00:00 0 
7f9615c51000-7f9615ec1000 rwxp 00000000 00:00 0 
7f9615ec1000-7f96161e2000 ---p 00000000 00:00 0 
7f96161e2000-7f9616452000 rwxp 00000000 00:00 0 
7f9616452000-7f961d719000 ---p 00000000 00:00 0 
7f961d719000-7f961d989000 rwxp 00000000 00:00 0 
7f961d989000-7f9624c51000 ---p 00000000 00:00 0 
7f9624c51000-7f962c000000 r--s 00000000 fc:02 810353                     /usr/lib/jvm/java-9-openjdk-amd64/lib/modules
7f962c000000-7f962c959000 rw-p 00000000 00:00 0 
7f962c959000-7f9630000000 ---p 00000000 00:00 0 
7f9630000000-7f9630002000 r--s 00000000 fc:03 267473                     /var/cache/fontconfig/6e6b34ae150a7ad95e82fb4a522f0bda-le64.cache-6
7f9630002000-7f9630006000 r--s 00000000 fc:03 267468                     /var/cache/fontconfig/d6c6df98c3df5faf9bd0f8ef4d91efe5-le64.cache-6
7f9630006000-7f963000a000 r--s 00000000 fc:03 267467                     /var/cache/fontconfig/9fb319ef52839f11ee26ab8b4cffa12b-le64.cache-6
7f963000a000-7f963000c000 r--s 00000000 fc:03 267466                     /var/cache/fontconfig/43bfe21a9e1edebcf703d79ee2950b06-le64.cache-6
7f963000c000-7f963001f000 r--s 00000000 fc:03 267465                     /var/cache/fontconfig/4ac51e5cfbc76fc3f983e470323a16d3-le64.cache-6
7f963001f000-7f9630022000 r--s 00000000 fc:03 267464                     /var/cache/fontconfig/c19b55eb3b4c5b40ea175e31682068a5-le64.cache-6
7f9630022000-7f9630042000 r--s 00000000 fc:03 267383                     /var/cache/fontconfig/e13b20fdb08344e0e664864cc2ede53d-le64.cache-6
7f9630042000-7f963004b000 r--s 00000000 fc:03 267530                     /var/cache/fontconfig/531923aa54d0b5d0a874e3141e1499d8-le64.cache-6
7f963004b000-7f963004c000 ---p 00000000 00:00 0 
7f963004c000-7f963014c000 rw-p 00000000 00:00 0 
7f963014c000-7f963014d000 ---p 00000000 00:00 0 
7f963014d000-7f963024d000 rw-p 00000000 00:00 0 
7f963024d000-7f963024e000 ---p 00000000 00:00 0 
7f963024e000-7f963034e000 rw-p 00000000 00:00 0 
7f963034e000-7f963034f000 ---p 00000000 00:00 0 
7f963034f000-7f9630454000 rw-p 00000000 00:00 0 
7f9630454000-7f963053a000 ---p 00000000 00:00 0 
7f963053a000-7f963053f000 rw-p 00000000 00:00 0 
7f963053f000-7f9630625000 ---p 00000000 00:00 0 
7f9630625000-7f963062a000 r-xp 00000000 fc:02 944699                     /usr/lib/jvm/java-9-openjdk-amd64/lib/amd64/libjimage.so
7f963062a000-7f9630829000 ---p 00005000 fc:02 944699                     /usr/lib/jvm/java-9-openjdk-amd64/lib/amd64/libjimage.so
7f9630829000-7f963082a000 r--p 00004000 fc:02 944699                     /usr/lib/jvm/java-9-openjdk-amd64/lib/amd64/libjimage.so
7f963082a000-7f963082b000 rw-p 00005000 fc:02 944699                     /usr/lib/jvm/java-9-openjdk-amd64/lib/amd64/libjimage.so
7f963082b000-7f9630832000 r-xp 00000000 fc:02 944695                     /usr/lib/jvm/java-9-openjdk-amd64/lib/amd64/libzip.so
7f9630832000-7f9630a31000 ---p 00007000 fc:02 944695                     /usr/lib/jvm/java-9-openjdk-amd64/lib/amd64/libzip.so
7f9630a31000-7f9630a32000 r--p 00006000 fc:02 944695                     /usr/lib/jvm/java-9-openjdk-amd64/lib/amd64/libzip.so
7f9630a32000-7f9630a33000 rw-p 00007000 fc:02 944695                     /usr/lib/jvm/java-9-openjdk-amd64/lib/amd64/libzip.so
7f9630a33000-7f9630a5e000 r-xp 00000000 fc:02 944678                     /usr/lib/jvm/java-9-openjdk-amd64/lib/amd64/libjava.so
7f9630a5e000-7f9630c5d000 ---p 0002b000 fc:02 944678                     /usr/lib/jvm/java-9-openjdk-amd64/lib/amd64/libjava.so
7f9630c5d000-7f9630c5e000 r--p 0002a000 fc:02 944678                     /usr/lib/jvm/java-9-openjdk-amd64/lib/amd64/libjava.so
7f9630c5e000-7f9630c60000 rw-p 0002b000 fc:02 944678                     /usr/lib/jvm/java-9-openjdk-amd64/lib/amd64/libjava.so
7f9630c60000-7f9630c6d000 r-xp 00000000 fc:02 944679                     /usr/lib/jvm/java-9-openjdk-amd64/lib/amd64/libverify.so
7f9630c6d000-7f9630e6c000 ---p 0000d000 fc:02 944679                     /usr/lib/jvm/java-9-openjdk-amd64/lib/amd64/libverify.so
7f9630e6c000-7f9630e6e000 r--p 0000c000 fc:02 944679                     /usr/lib/jvm/java-9-openjdk-amd64/lib/amd64/libverify.so
7f9630e6e000-7f9630e6f000 rw-p 0000e000 fc:02 944679                     /usr/lib/jvm/java-9-openjdk-amd64/lib/amd64/libverify.so
7f9630e6f000-7f9630e76000 r-xp 00000000 fc:00 2676                       /lib/x86_64-linux-gnu/librt-2.23.so
7f9630e76000-7f9631075000 ---p 00007000 fc:00 2676                       /lib/x86_64-linux-gnu/librt-2.23.so
7f9631075000-7f9631076000 r--p 00006000 fc:00 2676                       /lib/x86_64-linux-gnu/librt-2.23.so
7f9631076000-7f9631077000 rw-p 00007000 fc:00 2676                       /lib/x86_64-linux-gnu/librt-2.23.so
7f9631077000-7f963108e000 r-xp 00000000 fc:00 204                        /lib/x86_64-linux-gnu/libgcc_s.so.1
7f963108e000-7f963128d000 ---p 00017000 fc:00 204                        /lib/x86_64-linux-gnu/libgcc_s.so.1
7f963128d000-7f963128e000 r--p 00016000 fc:00 204                        /lib/x86_64-linux-gnu/libgcc_s.so.1
7f963128e000-7f963128f000 rw-p 00017000 fc:00 204                        /lib/x86_64-linux-gnu/libgcc_s.so.1
7f963128f000-7f9631397000 r-xp 00000000 fc:00 792                        /lib/x86_64-linux-gnu/libm-2.23.so
7f9631397000-7f9631596000 ---p 00108000 fc:00 792                        /lib/x86_64-linux-gnu/libm-2.23.so
7f9631596000-7f9631597000 r--p 00107000 fc:00 792                        /lib/x86_64-linux-gnu/libm-2.23.so
7f9631597000-7f9631598000 rw-p 00108000 fc:00 792                        /lib/x86_64-linux-gnu/libm-2.23.so
7f9631598000-7f9631714000 r-xp 00000000 fc:02 526962                     /usr/lib/x86_64-linux-gnu/libstdc++.so.6.0.25
7f9631714000-7f9631914000 ---p 0017c000 fc:02 526962                     /usr/lib/x86_64-linux-gnu/libstdc++.so.6.0.25
7f9631914000-7f963191e000 r--p 0017c000 fc:02 526962                     /usr/lib/x86_64-linux-gnu/libstdc++.so.6.0.25
7f963191e000-7f9631920000 rw-p 00186000 fc:02 526962                     /usr/lib/x86_64-linux-gnu/libstdc++.so.6.0.25
7f9631920000-7f9631924000 rw-p 00000000 00:00 0 
7f9631924000-7f9632782000 r-xp 00000000 fc:02 944692                     /usr/lib/jvm/java-9-openjdk-amd64/lib/amd64/server/libjvm.so
7f9632782000-7f9632982000 ---p 00e5e000 fc:02 944692                     /usr/lib/jvm/java-9-openjdk-amd64/lib/amd64/server/libjvm.so
7f9632982000-7f9632a34000 r--p 00e5e000 fc:02 944692                     /usr/lib/jvm/java-9-openjdk-amd64/lib/amd64/server/libjvm.so
7f9632a34000-7f9632a66000 rw-p 00f10000 fc:02 944692                     /usr/lib/jvm/java-9-openjdk-amd64/lib/amd64/server/libjvm.so
7f9632a66000-7f9632aab000 rw-p 00000000 00:00 0 
7f9632aab000-7f9632ac3000 r-xp 00000000 fc:00 795                        /lib/x86_64-linux-gnu/libpthread-2.23.so
7f9632ac3000-7f9632cc2000 ---p 00018000 fc:00 795                        /lib/x86_64-linux-gnu/libpthread-2.23.so
7f9632cc2000-7f9632cc3000 r--p 00017000 fc:00 795                        /lib/x86_64-linux-gnu/libpthread-2.23.so
7f9632cc3000-7f9632cc4000 rw-p 00018000 fc:00 795                        /lib/x86_64-linux-gnu/libpthread-2.23.so
7f9632cc4000-7f9632cc8000 rw-p 00000000 00:00 0 
7f9632cc8000-7f9632ccb000 r-xp 00000000 fc:00 798                        /lib/x86_64-linux-gnu/libdl-2.23.so
7f9632ccb000-7f9632eca000 ---p 00003000 fc:00 798                        /lib/x86_64-linux-gnu/libdl-2.23.so
7f9632eca000-7f9632ecb000 r--p 00002000 fc:00 798                        /lib/x86_64-linux-gnu/libdl-2.23.so
7f9632ecb000-7f9632ecc000 rw-p 00003000 fc:00 798                        /lib/x86_64-linux-gnu/libdl-2.23.so
7f9632ecc000-7f9632ee5000 r-xp 00000000 fc:00 206                        /lib/x86_64-linux-gnu/libz.so.1.2.8
7f9632ee5000-7f96330e4000 ---p 00019000 fc:00 206                        /lib/x86_64-linux-gnu/libz.so.1.2.8
7f96330e4000-7f96330e5000 r--p 00018000 fc:00 206                        /lib/x86_64-linux-gnu/libz.so.1.2.8
7f96330e5000-7f96330e6000 rw-p 00019000 fc:00 206                        /lib/x86_64-linux-gnu/libz.so.1.2.8
7f96330e6000-7f96332a6000 r-xp 00000000 fc:00 796                        /lib/x86_64-linux-gnu/libc-2.23.so
7f96332a6000-7f96334a6000 ---p 001c0000 fc:00 796                        /lib/x86_64-linux-gnu/libc-2.23.so
7f96334a6000-7f96334aa000 r--p 001c0000 fc:00 796                        /lib/x86_64-linux-gnu/libc-2.23.so
7f96334aa000-7f96334ac000 rw-p 001c4000 fc:00 796                        /lib/x86_64-linux-gnu/libc-2.23.so
7f96334ac000-7f96334b0000 rw-p 00000000 00:00 0 
7f96334b0000-7f96334be000 r-xp 00000000 fc:02 944709                     /usr/lib/jvm/java-9-openjdk-amd64/lib/amd64/jli/libjli.so
7f96334be000-7f96336bd000 ---p 0000e000 fc:02 944709                     /usr/lib/jvm/java-9-openjdk-amd64/lib/amd64/jli/libjli.so
7f96336bd000-7f96336be000 r--p 0000d000 fc:02 944709                     /usr/lib/jvm/java-9-openjdk-amd64/lib/amd64/jli/libjli.so
7f96336be000-7f96336bf000 rw-p 0000e000 fc:02 944709                     /usr/lib/jvm/java-9-openjdk-amd64/lib/amd64/jli/libjli.so
7f96336bf000-7f96336e5000 r-xp 00000000 fc:00 794                        /lib/x86_64-linux-gnu/ld-2.23.so
7f96336e5000-7f96336e6000 r--s 00000000 fc:03 267472                     /var/cache/fontconfig/3334a778d104e76d188e9df399bc24d2-le64.cache-6
7f96336e6000-7f9633707000 r--s 00000000 fc:03 264444                     /var/cache/fontconfig/467c019e582ee353435ea5c21d137ef6-le64.cache-6
7f9633707000-7f96337ab000 rw-p 00000000 00:00 0 
7f96337ab000-7f96337af000 ---p 00000000 00:00 0 
7f96337af000-7f96338b0000 rw-p 00000000 00:00 0 
7f96338b0000-7f96338b1000 r--s 00000000 fc:03 267427                     /var/cache/fontconfig/c277e94e32b20404286a1ddafa5a80f0-le64.cache-6
7f96338b1000-7f96338b5000 r--s 00000000 fc:03 267411                     /var/cache/fontconfig/3629f2adf904f9a612908891fae71ceb-le64.cache-6
7f96338b5000-7f96338b8000 r--s 00000000 fc:03 267091                     /var/cache/fontconfig/de83a0a961185c8bd1f159015d56c039-le64.cache-6
7f96338b8000-7f96338bd000 r--s 00000000 fc:03 262485                     /var/cache/fontconfig/7ef2298fde41cc6eeb7af42e48b7d293-le64.cache-6
7f96338bd000-7f96338bf000 r--s 00000000 fc:03 267535                     /var/cache/fontconfig/16326683038b281783a0ef8c680e3a10-le64.cache-6
7f96338bf000-7f96338cc000 r--s 00000000 fc:03 267534                     /var/cache/fontconfig/8f02d4cb045bd6ce15663e43f347c9f8-le64.cache-6
7f96338cc000-7f96338cd000 r--s 00000000 fc:03 267533                     /var/cache/fontconfig/e0aa53bcfa504e64f87823c16bc01eb6-le64.cache-6
7f96338cd000-7f96338d2000 rw-p 00000000 00:00 0 
7f96338d2000-7f96338d9000 ---p 00000000 00:00 0 
7f96338d9000-7f96338e1000 rw-s 00000000 fc:05 131151                     /tmp/hsperfdata_wtalabou/18762
7f96338e1000-7f96338e2000 rw-p 00000000 00:00 0 
7f96338e2000-7f96338e3000 ---p 00000000 00:00 0 
7f96338e3000-7f96338e4000 rw-p 00000000 00:00 0 
7f96338e4000-7f96338e5000 r--p 00025000 fc:00 794                        /lib/x86_64-linux-gnu/ld-2.23.so
7f96338e5000-7f96338e6000 rw-p 00026000 fc:00 794                        /lib/x86_64-linux-gnu/ld-2.23.so
7f96338e6000-7f96338e7000 rw-p 00000000 00:00 0 
7ffe97d46000-7ffe97d67000 rw-p 00000000 00:00 0                          [stack]
7ffe97da4000-7ffe97da7000 r--p 00000000 00:00 0                          [vvar]
7ffe97da7000-7ffe97da9000 r-xp 00000000 00:00 0                          [vdso]
ffffffffff600000-ffffffffff601000 r-xp 00000000 00:00 0                  [vsyscall]

VM Arguments:
java_command: VisTool
java_class_path (initial): .
Launcher Type: SUN_STANDARD

Environment Variables:
PATH=/home/local/wtalabou/anaconda3/bin:/usr/local/sbin:/usr/local/bin:/usr/sbin:/usr/bin:/sbin:/bin:/usr/games:/usr/local/games:/nas/home/ROCQ/aoste/wtalabou/RTaW/RTaW-Sim-1.4.6-Pro/bin:/home/local/wtalabou/proxima/sim_tools/gcc-powerpc-elf/bin:/home/local/wtalabou/proxima/sim_tools/soclib/utils/bin/:/home/local/wtalabou/proxima/rand_tools/prefix/powerpc/bin
LD_LIBRARY_PATH=:/home/local/wtalabou/proxima/rand_tools/prefix/powerpc/lib
SHELL=/bin/bash
DISPLAY=:0

Signal Handlers:
SIGSEGV: [libjvm.so+0xc12c20], sa_mask[0]=11111111011111111101111111111110, sa_flags=SA_RESTART|SA_SIGINFO
SIGBUS: [libjvm.so+0xc12c20], sa_mask[0]=11111111011111111101111111111110, sa_flags=SA_RESTART|SA_SIGINFO
SIGFPE: [libjvm.so+0xc12c20], sa_mask[0]=11111111011111111101111111111110, sa_flags=SA_RESTART|SA_SIGINFO
SIGPIPE: [libjvm.so+0xa3b600], sa_mask[0]=11111111011111111101111111111110, sa_flags=SA_RESTART|SA_SIGINFO
SIGXFSZ: [libjvm.so+0xa3b600], sa_mask[0]=11111111011111111101111111111110, sa_flags=SA_RESTART|SA_SIGINFO
SIGILL: [libjvm.so+0xc12c20], sa_mask[0]=11111111011111111101111111111110, sa_flags=SA_RESTART|SA_SIGINFO
SIGUSR2: [libjvm.so+0xa3b4a0], sa_mask[0]=00000000000000000000000000000000, sa_flags=SA_RESTART|SA_SIGINFO
SIGHUP: [libjvm.so+0xa3b870], sa_mask[0]=11111111011111111101111111111110, sa_flags=SA_RESTART|SA_SIGINFO
SIGINT: [libjvm.so+0xa3b870], sa_mask[0]=11111111011111111101111111111110, sa_flags=SA_RESTART|SA_SIGINFO
SIGTERM: [libjvm.so+0xa3b870], sa_mask[0]=11111111011111111101111111111110, sa_flags=SA_RESTART|SA_SIGINFO
SIGQUIT: [libjvm.so+0xa3b870], sa_mask[0]=11111111011111111101111111111110, sa_flags=SA_RESTART|SA_SIGINFO


---------------  S Y S T E M  ---------------

OS:DISTRIB_ID=Ubuntu
DISTRIB_RELEASE=16.04
DISTRIB_CODENAME=xenial
DISTRIB_DESCRIPTION="Ubuntu 16.04.5 LTS"
uname:Linux 4.4.0-139-generic #165-Ubuntu SMP Wed Oct 24 10:58:50 UTC 2018 x86_64
libc:glibc 2.23 NPTL 2.23 
rlimit: STACK 8192k, CORE 0k, NPROC 31508, NOFILE 1048576, AS infinity
load average:0.52 0.44 0.30

/proc/meminfo:
MemTotal:        8117596 kB
MemFree:          542644 kB
MemAvailable:    5680772 kB
Buffers:          509804 kB
Cached:          4461040 kB
SwapCached:           40 kB
Active:          3739292 kB
Inactive:        2879812 kB
Active(anon):    1361192 kB
Inactive(anon):   383728 kB
Active(file):    2378100 kB
Inactive(file):  2496084 kB
Unevictable:         128 kB
Mlocked:             128 kB
SwapTotal:       1048572 kB
SwapFree:        1043096 kB
Dirty:                84 kB
Writeback:           176 kB
AnonPages:       1648448 kB
Mapped:           466640 kB
Shmem:             96624 kB
Slab:             760900 kB
SReclaimable:     572932 kB
SUnreclaim:       187968 kB
KernelStack:       11680 kB
PageTables:        46464 kB
NFS_Unstable:          0 kB
Bounce:                0 kB
WritebackTmp:          0 kB
CommitLimit:     5107368 kB
Committed_AS:    7415216 kB
VmallocTotal:   34359738367 kB
VmallocUsed:           0 kB
VmallocChunk:          0 kB
HardwareCorrupted:     0 kB
AnonHugePages:      6144 kB
CmaTotal:              0 kB
CmaFree:               0 kB
HugePages_Total:       0
HugePages_Free:        0
HugePages_Rsvd:        0
HugePages_Surp:        0
Hugepagesize:       2048 kB
DirectMap4k:      410204 kB
DirectMap2M:     7921664 kB
DirectMap1G:           0 kB


CPU:total 8 (4 cores per cpu, 2 threads per core) family 6 model 62 stepping 4, cmov, cx8, fxsr, mmx, sse, sse2, sse3, ssse3, sse4.1, sse4.2, popcnt, avx, aes, clmul, erms, ht, tsc, tscinvbit

CPU Model and flags from /proc/cpuinfo:
model name	: Intel(R) Xeon(R) CPU E5-1620 v2 @ 3.70GHz
flags		: fpu vme de pse tsc msr pae mce cx8 apic sep mtrr pge mca cmov pat pse36 clflush dts acpi mmx fxsr sse sse2 ss ht tm pbe syscall nx pdpe1gb rdtscp lm constant_tsc arch_perfmon pebs bts rep_good nopl xtopology nonstop_tsc aperfmperf pni pclmulqdq dtes64 monitor ds_cpl vmx smx est tm2 ssse3 cx16 xtpr pdcm pcid dca sse4_1 sse4_2 x2apic popcnt tsc_deadline_timer aes xsave avx f16c rdrand lahf_lm epb ssbd ibrs ibpb stibp kaiser tpr_shadow vnmi flexpriority ept vpid fsgsbase smep erms xsaveopt dtherm ida arat pln pts flush_l1d

Memory: 4k page, physical 8117596k(542644k free), swap 1048572k(1043096k free)

vm_info: OpenJDK 64-Bit Server VM (9-internal+0-2016-04-14-195246.buildd.src) for linux-amd64 JRE (9-internal+0-2016-04-14-195246.buildd.src), built on Apr 14 2016 20:05:37 by "buildd" with gcc 5.3.1 20160413

END.
