#
# A fatal error has been detected by the Java Runtime Environment:
#
#  SIGSEGV (0xb) at pc=0x00007f44f06bb009, pid=19002, tid=19003
#
# JRE version: OpenJDK Runtime Environment (9.0) (build 9-internal+0-2016-04-14-195246.buildd.src)
# Java VM: OpenJDK 64-Bit Server VM (9-internal+0-2016-04-14-195246.buildd.src, mixed mode, tiered, compressed oops, g1 gc, linux-amd64)
# Problematic frame:
# C  [libjava.so+0x1d009]  JNU_GetEnv+0x19
#
# No core dump will be written. Core dumps have been disabled. To enable core dumping, try "ulimit -c unlimited" before starting Java again
#
# If you would like to submit a bug report, please visit:
#   http://bugreport.java.com/bugreport/crash.jsp
# The crash happened outside the Java Virtual Machine in native code.
# See problematic frame for where to report the bug.
#

---------------  S U M M A R Y ------------

Command Line: VisTool

Host: Intel(R) Xeon(R) CPU E5-1620 v2 @ 3.70GHz, 8 cores, 7G, Ubuntu 16.04.5 LTS
Time: Thu Dec 13 17:20:04 2018 CET elapsed time: 0 seconds (0d 0h 0m 0s)

---------------  T H R E A D  ---------------

Current thread (0x00007f44ec00f000):  JavaThread "main" [_thread_in_native, id=19003, stack(0x00007f44f3416000,0x00007f44f3517000)]

Stack: [0x00007f44f3416000,0x00007f44f3517000],  sp=0x00007f44f3513e90,  free space=1015k
Native frames: (J=compiled Java code, j=interpreted, Vv=VM code, C=native code)
C  [libjava.so+0x1d009]  JNU_GetEnv+0x19
C  [libfontmanager.so+0x33f8e]
C  [libfreetype.so.6+0x14d2b]  FT_Stream_Seek+0x1b

Java frames: (J=compiled Java code, j=interpreted, Vv=VM code)
j  sun.font.FreetypeFontScaler.initNativeScaler(Lsun/font/Font2D;IIZI)J+0 java.desktop@9-internal
j  sun.font.FreetypeFontScaler.<init>(Lsun/font/Font2D;IZI)V+26 java.desktop@9-internal
v  ~StubRoutines::call_stub
j  sun.reflect.NativeConstructorAccessorImpl.newInstance0(Ljava/lang/reflect/Constructor;[Ljava/lang/Object;)Ljava/lang/Object;+0 java.base@9-internal
j  sun.reflect.NativeConstructorAccessorImpl.newInstance([Ljava/lang/Object;)Ljava/lang/Object;+85 java.base@9-internal
j  sun.reflect.DelegatingConstructorAccessorImpl.newInstance([Ljava/lang/Object;)Ljava/lang/Object;+5 java.base@9-internal
j  java.lang.reflect.Constructor.newInstance([Ljava/lang/Object;)Ljava/lang/Object;+65 java.base@9-internal
j  sun.font.FontScaler.getScaler(Lsun/font/Font2D;IZI)Lsun/font/FontScaler;+39 java.desktop@9-internal
j  sun.font.TrueTypeFont.getScaler()Lsun/font/FontScaler;+21 java.desktop@9-internal
j  sun.font.FileFontStrike.<init>(Lsun/font/FileFont;Lsun/font/FontStrikeDesc;)V+204 java.desktop@9-internal
j  sun.font.FileFont.createStrike(Lsun/font/FontStrikeDesc;)Lsun/font/FontStrike;+18 java.desktop@9-internal
j  sun.font.Font2D.getStrike(Lsun/font/FontStrikeDesc;Z)Lsun/font/FontStrike;+92 java.desktop@9-internal
j  sun.font.Font2D.getStrike(Lsun/font/FontStrikeDesc;)Lsun/font/FontStrike;+3 java.desktop@9-internal
j  sun.font.CompositeStrike.getStrikeForSlot(I)Lsun/font/PhysicalStrike;+23 java.desktop@9-internal
j  sun.font.CompositeStrike.getFontMetrics()Lsun/font/StrikeMetrics;+31 java.desktop@9-internal
j  sun.font.FontDesignMetrics.initMatrixAndMetrics()V+28 java.desktop@9-internal
j  sun.font.FontDesignMetrics.<init>(Ljava/awt/Font;Ljava/awt/font/FontRenderContext;)V+62 java.desktop@9-internal
j  sun.font.FontDesignMetrics.getMetrics(Ljava/awt/Font;Ljava/awt/font/FontRenderContext;)Lsun/font/FontDesignMetrics;+128 java.desktop@9-internal
j  sun.swing.SwingUtilities2.getFontMetrics(Ljavax/swing/JComponent;Ljava/awt/Font;)Ljava/awt/FontMetrics;+15 java.desktop@9-internal
j  javax.swing.JComponent.getFontMetrics(Ljava/awt/Font;)Ljava/awt/FontMetrics;+2 java.desktop@9-internal
j  sun.swing.MenuItemLayoutHelper.reset(Ljavax/swing/JMenuItem;Ljavax/swing/Icon;Ljavax/swing/Icon;Ljava/awt/Rectangle;ILjava/lang/String;ZLjava/awt/Font;Ljava/awt/Font;ZLjava/lang/String;)V+77 java.desktop@9-internal
j  sun.swing.MenuItemLayoutHelper.<init>(Ljavax/swing/JMenuItem;Ljavax/swing/Icon;Ljavax/swing/Icon;Ljava/awt/Rectangle;ILjava/lang/String;ZLjava/awt/Font;Ljava/awt/Font;ZLjava/lang/String;)V+24 java.desktop@9-internal
j  javax.swing.plaf.basic.BasicMenuItemUI.getPreferredMenuItemSize(Ljavax/swing/JComponent;Ljavax/swing/Icon;Ljavax/swing/Icon;I)Ljava/awt/Dimension;+48 java.desktop@9-internal
j  javax.swing.plaf.basic.BasicMenuItemUI.getPreferredSize(Ljavax/swing/JComponent;)Ljava/awt/Dimension;+14 java.desktop@9-internal
j  javax.swing.JComponent.getPreferredSize()Ljava/awt/Dimension;+26 java.desktop@9-internal
j  javax.swing.BoxLayout.checkRequests()V+111 java.desktop@9-internal
j  javax.swing.BoxLayout.layoutContainer(Ljava/awt/Container;)V+127 java.desktop@9-internal
j  java.awt.Container.layout()V+11 java.desktop@9-internal
j  java.awt.Container.doLayout()V+1 java.desktop@9-internal
j  java.awt.Container.validateTree()V+47 java.desktop@9-internal
j  java.awt.Container.validateTree()V+110 java.desktop@9-internal
j  java.awt.Container.validateTree()V+110 java.desktop@9-internal
j  java.awt.Container.validateTree()V+110 java.desktop@9-internal
j  java.awt.Container.validate()V+60 java.desktop@9-internal
j  java.awt.Container.validateUnconditionally()V+14 java.desktop@9-internal
j  java.awt.Window.pack()V+68 java.desktop@9-internal
j  VisTool.main([Ljava/lang/String;)V+898
v  ~StubRoutines::call_stub

siginfo: si_signo: 11 (SIGSEGV), si_code: 1 (SEGV_MAPERR), si_addr: 0x0000000000000000

Register to memory mapping:

RAX=0x0000000000000000 is an unknown value
RBX=0x0000000000000000 is an unknown value
RCX=0x0000000000000000 is an unknown value
RDX=0x0000000000010002 is an unknown value
RSP=0x00007f44f3513e90 is pointing into the stack for thread: 0x00007f44ec00f000
RBP=0x00007f44f3513ea0 is pointing into the stack for thread: 0x00007f44ec00f000
RSI=0x0000000000010002 is an unknown value
RDI=0x0000000000000000 is an unknown value
R8 =0x0000000000000000 is an unknown value
R9 =0x00000000003cc000 is an unknown value
R10=0x00000000000001db is an unknown value
R11=0x00007f44f06baff0: JNU_GetEnv+0x0000000000000000 in /usr/lib/jvm/java-9-openjdk-amd64/lib/amd64/libjava.so at 0x00007f44f069e000
R12=0x00007f44ec3cbb10 is an unknown value
R13=0x0000000000000000 is an unknown value
R14=0x0000000000000000 is an unknown value
R15=0x00007f44ec3cbb70 is an unknown value


Registers:
RAX=0x0000000000000000, RBX=0x0000000000000000, RCX=0x0000000000000000, RDX=0x0000000000010002
RSP=0x00007f44f3513e90, RBP=0x00007f44f3513ea0, RSI=0x0000000000010002, RDI=0x0000000000000000
R8 =0x0000000000000000, R9 =0x00000000003cc000, R10=0x00000000000001db, R11=0x00007f44f06baff0
R12=0x00007f44ec3cbb10, R13=0x0000000000000000, R14=0x0000000000000000, R15=0x00007f44ec3cbb70
RIP=0x00007f44f06bb009, EFLAGS=0x0000000000010246, CSGSFS=0x0000000000000033, ERR=0x0000000000000004
  TRAPNO=0x000000000000000e

Top of Stack: (sp=0x00007f44f3513e90)
0x00007f44f3513e90:   0000000000000000 e35366c744970500
0x00007f44f3513ea0:   00007f44f3513ee0 00007f4479071f8e
0x00007f44f3513eb0:   00007f44ec000078 00007f44ec3cbb10
0x00007f44f3513ec0:   0000000000000000 0000000000000000
0x00007f44f3513ed0:   00007f44ec3cbb10 00007f44ec3cbb70
0x00007f44f3513ee0:   0000000000000000 00007f4478da8d2b
0x00007f44f3513ef0:   0000000000000000 00007f447903ad80
0x00007f44f3513f00:   0000000000000000 00007f4478dbc8e0
0x00007f44f3513f10:   0000000000000002 0000003200000008
0x00007f44f3513f20:   0000000000000000 0000000000000000
0x00007f44f3513f30:   0000006e0000005b 0000000000000000
0x00007f44f3513f40:   0000000000000000 0000007c00000077
0x00007f44f3513f50:   0000000000000000 0000000000000000
0x00007f44f3513f60:   0000000001010101 0101010101010101
0x00007f44f3513f70:   0000000000000000 00007f44ec000020
0x00007f44f3513f80:   0000000000000070 00007f44f3514034
0x00007f44f3513f90:   00007f44ec3cabb0 00007f44ec3cbb70
0x00007f44f3513fa0:   00007f44f3514034 00007f44f2dd5184
0x00007f44f3513fb0:   00007f44f3514100 00007f44f3513fe4
0x00007f44f3513fc0:   00007f44790379e0 e35366c744970500
0x00007f44f3513fd0:   0000000000000070 00007f44ec3cadf0
0x00007f44f3513fe0:   00007f44790379e0 00007f44f35140f8
0x00007f44f3513ff0:   00007f44ec3cabb0 00007f44ec3cbb70
0x00007f44f3514000:   00007f44ec3cc0a0 00007f4478dab4c2
0x00007f44f3514010:   0000000100000000 00007f44f3514100
0x00007f44f3514020:   0000000000000000 0000000000000000
0x00007f44f3514030:   00000000f35140f8 e35366c744970500
0x00007f44f3514040:   00007f44ec3cadf0 00007f44f3514100
0x00007f44f3514050:   0000000000000000 00007f44ec3caed8
0x00007f44f3514060:   00007f44f3514300 00007f44ec3cae38
0x00007f44f3514070:   00007f44ec3cabb0 00007f4478dad581
0x00007f44f3514080:   00007f44f3514100 00007f4478dad376 

Instructions: (pc=0x00007f44f06bb009)
0x00007f44f06bafe9:   ff eb ea 0f 1f 40 00 55 89 f2 48 89 e5 48 83 ec
0x00007f44f06baff9:   10 64 48 8b 04 25 28 00 00 00 48 89 45 f8 31 c0
0x00007f44f06bb009:   48 8b 07 48 8d 75 f0 ff 50 30 48 8b 4d f8 64 48
0x00007f44f06bb019:   33 0c 25 28 00 00 00 48 8b 45 f0 75 02 c9 c3 e8 


---------------  P R O C E S S  ---------------

Java Threads: ( => current thread )
  0x00007f44ec367000 JavaThread "AWT-EventQueue-0" [_thread_blocked, id=19040, stack(0x00007f447835b000,0x00007f447845c000)]
  0x00007f44ec2ab800 JavaThread "AWT-Shutdown" [_thread_blocked, id=19039, stack(0x00007f447845c000,0x00007f447855d000)]
  0x00007f44ec341000 JavaThread "AWT-XAWT" daemon [_thread_in_native, id=19038, stack(0x00007f447855d000,0x00007f447865e000)]
  0x00007f44ec320800 JavaThread "Java2D Disposer" daemon [_thread_blocked, id=19037, stack(0x00007f4478a6e000,0x00007f4478b6f000)]
  0x00007f44ec254000 JavaThread "Service Thread" daemon [_thread_blocked, id=19035, stack(0x00007f447aacd000,0x00007f447abce000)]
  0x00007f44ec1ae000 JavaThread "Common-Cleaner" daemon [_thread_blocked, id=19034, stack(0x00007f447abce000,0x00007f447accf000)]
  0x00007f44ec196800 JavaThread "Sweeper thread" daemon [_thread_blocked, id=19033, stack(0x00007f447b0f9000,0x00007f447b1fa000)]
  0x00007f44ec195000 JavaThread "C1 CompilerThread3" daemon [_thread_blocked, id=19032, stack(0x00007f447b1fa000,0x00007f447b2fb000)]
  0x00007f44ec193000 JavaThread "C2 CompilerThread2" daemon [_thread_blocked, id=19031, stack(0x00007f447b2fb000,0x00007f447b3fc000)]
  0x00007f44ec191000 JavaThread "C2 CompilerThread1" daemon [_thread_blocked, id=19030, stack(0x00007f447b3fc000,0x00007f447b4fd000)]
  0x00007f44ec18f000 JavaThread "C2 CompilerThread0" daemon [_thread_blocked, id=19029, stack(0x00007f447b4fd000,0x00007f447b5fe000)]
  0x00007f44ec18b000 JavaThread "Signal Dispatcher" daemon [_thread_blocked, id=19028, stack(0x00007f447b5fe000,0x00007f447b6ff000)]
  0x00007f44ec189000 JavaThread "Surrogate Locker Thread (Concurrent GC)" daemon [_thread_blocked, id=19027, stack(0x00007f447b6ff000,0x00007f447b800000)]
  0x00007f44ec177800 JavaThread "Finalizer" daemon [_thread_blocked, id=19026, stack(0x00007f4488354000,0x00007f4488455000)]
  0x00007f44ec173800 JavaThread "Reference Handler" daemon [_thread_blocked, id=19025, stack(0x00007f4488455000,0x00007f4488556000)]
=>0x00007f44ec00f000 JavaThread "main" [_thread_in_native, id=19003, stack(0x00007f44f3416000,0x00007f44f3517000)]

Other Threads:
  0x00007f44ec169800 VMThread [stack: 0x00007f4488556000,0x00007f4488657000] [id=19024]
  0x00007f44ec256800 WatcherThread [stack: 0x00007f447a9cc000,0x00007f447aacd000] [id=19036]

Threads with active compile tasks:

VM state:not at safepoint (normal execution)

VM Mutex/Monitor currently owned by a thread: None

heap address: 0x0000000084200000, size: 1982 MB, Compressed Oops mode: 32-bit
Narrow klass base: 0x0000000000000000, Narrow klass shift: 3
Compressed class space size: 1073741824 Address: 0x0000000100000000

Heap:
 garbage-first heap   total 126976K, used 6144K [0x0000000084200000, 0x00000000843003e0, 0x0000000100000000)
  region size 1024K, 7 young (7168K), 0 survivors (0K)
 Metaspace       used 11477K, capacity 11934K, committed 12032K, reserved 1060864K
  class space    used 1339K, capacity 1511K, committed 1536K, reserved 1048576K

Heap Regions: E=young(eden), S=young(survivor), O=old, HS=humongous(starts), HC=humongous(continues), CS=collection set, F=free, A=archive, TS=gc time stamp, AC=allocation context, TAMS=top-at-mark-start (previous, next)
|   0|0x0000000084200000, 0x0000000084200000, 0x0000000084300000|  0%| F|  |TS  0|AC  0|TAMS 0x0000000084200000, 0x0000000084200000|
|   1|0x0000000084300000, 0x0000000084300000, 0x0000000084400000|  0%| F|  |TS  0|AC  0|TAMS 0x0000000084300000, 0x0000000084300000|
|   2|0x0000000084400000, 0x0000000084400000, 0x0000000084500000|  0%| F|  |TS  0|AC  0|TAMS 0x0000000084400000, 0x0000000084400000|
|   3|0x0000000084500000, 0x0000000084500000, 0x0000000084600000|  0%| F|  |TS  0|AC  0|TAMS 0x0000000084500000, 0x0000000084500000|
|   4|0x0000000084600000, 0x0000000084600000, 0x0000000084700000|  0%| F|  |TS  0|AC  0|TAMS 0x0000000084600000, 0x0000000084600000|
|   5|0x0000000084700000, 0x0000000084700000, 0x0000000084800000|  0%| F|  |TS  0|AC  0|TAMS 0x0000000084700000, 0x0000000084700000|
|   6|0x0000000084800000, 0x0000000084800000, 0x0000000084900000|  0%| F|  |TS  0|AC  0|TAMS 0x0000000084800000, 0x0000000084800000|
|   7|0x0000000084900000, 0x0000000084900000, 0x0000000084a00000|  0%| F|  |TS  0|AC  0|TAMS 0x0000000084900000, 0x0000000084900000|
|   8|0x0000000084a00000, 0x0000000084a00000, 0x0000000084b00000|  0%| F|  |TS  0|AC  0|TAMS 0x0000000084a00000, 0x0000000084a00000|
|   9|0x0000000084b00000, 0x0000000084b00000, 0x0000000084c00000|  0%| F|  |TS  0|AC  0|TAMS 0x0000000084b00000, 0x0000000084b00000|
|  10|0x0000000084c00000, 0x0000000084c00000, 0x0000000084d00000|  0%| F|  |TS  0|AC  0|TAMS 0x0000000084c00000, 0x0000000084c00000|
|  11|0x0000000084d00000, 0x0000000084d00000, 0x0000000084e00000|  0%| F|  |TS  0|AC  0|TAMS 0x0000000084d00000, 0x0000000084d00000|
|  12|0x0000000084e00000, 0x0000000084e00000, 0x0000000084f00000|  0%| F|  |TS  0|AC  0|TAMS 0x0000000084e00000, 0x0000000084e00000|
|  13|0x0000000084f00000, 0x0000000084f00000, 0x0000000085000000|  0%| F|  |TS  0|AC  0|TAMS 0x0000000084f00000, 0x0000000084f00000|
|  14|0x0000000085000000, 0x0000000085000000, 0x0000000085100000|  0%| F|  |TS  0|AC  0|TAMS 0x0000000085000000, 0x0000000085000000|
|  15|0x0000000085100000, 0x0000000085100000, 0x0000000085200000|  0%| F|  |TS  0|AC  0|TAMS 0x0000000085100000, 0x0000000085100000|
|  16|0x0000000085200000, 0x0000000085200000, 0x0000000085300000|  0%| F|  |TS  0|AC  0|TAMS 0x0000000085200000, 0x0000000085200000|
|  17|0x0000000085300000, 0x0000000085300000, 0x0000000085400000|  0%| F|  |TS  0|AC  0|TAMS 0x0000000085300000, 0x0000000085300000|
|  18|0x0000000085400000, 0x0000000085400000, 0x0000000085500000|  0%| F|  |TS  0|AC  0|TAMS 0x0000000085400000, 0x0000000085400000|
|  19|0x0000000085500000, 0x0000000085500000, 0x0000000085600000|  0%| F|  |TS  0|AC  0|TAMS 0x0000000085500000, 0x0000000085500000|
|  20|0x0000000085600000, 0x0000000085600000, 0x0000000085700000|  0%| F|  |TS  0|AC  0|TAMS 0x0000000085600000, 0x0000000085600000|
|  21|0x0000000085700000, 0x0000000085700000, 0x0000000085800000|  0%| F|  |TS  0|AC  0|TAMS 0x0000000085700000, 0x0000000085700000|
|  22|0x0000000085800000, 0x0000000085800000, 0x0000000085900000|  0%| F|  |TS  0|AC  0|TAMS 0x0000000085800000, 0x0000000085800000|
|  23|0x0000000085900000, 0x0000000085900000, 0x0000000085a00000|  0%| F|  |TS  0|AC  0|TAMS 0x0000000085900000, 0x0000000085900000|
|  24|0x0000000085a00000, 0x0000000085a00000, 0x0000000085b00000|  0%| F|  |TS  0|AC  0|TAMS 0x0000000085a00000, 0x0000000085a00000|
|  25|0x0000000085b00000, 0x0000000085b00000, 0x0000000085c00000|  0%| F|  |TS  0|AC  0|TAMS 0x0000000085b00000, 0x0000000085b00000|
|  26|0x0000000085c00000, 0x0000000085c00000, 0x0000000085d00000|  0%| F|  |TS  0|AC  0|TAMS 0x0000000085c00000, 0x0000000085c00000|
|  27|0x0000000085d00000, 0x0000000085d00000, 0x0000000085e00000|  0%| F|  |TS  0|AC  0|TAMS 0x0000000085d00000, 0x0000000085d00000|
|  28|0x0000000085e00000, 0x0000000085e00000, 0x0000000085f00000|  0%| F|  |TS  0|AC  0|TAMS 0x0000000085e00000, 0x0000000085e00000|
|  29|0x0000000085f00000, 0x0000000085f00000, 0x0000000086000000|  0%| F|  |TS  0|AC  0|TAMS 0x0000000085f00000, 0x0000000085f00000|
|  30|0x0000000086000000, 0x0000000086000000, 0x0000000086100000|  0%| F|  |TS  0|AC  0|TAMS 0x0000000086000000, 0x0000000086000000|
|  31|0x0000000086100000, 0x0000000086100000, 0x0000000086200000|  0%| F|  |TS  0|AC  0|TAMS 0x0000000086100000, 0x0000000086100000|
|  32|0x0000000086200000, 0x0000000086200000, 0x0000000086300000|  0%| F|  |TS  0|AC  0|TAMS 0x0000000086200000, 0x0000000086200000|
|  33|0x0000000086300000, 0x0000000086300000, 0x0000000086400000|  0%| F|  |TS  0|AC  0|TAMS 0x0000000086300000, 0x0000000086300000|
|  34|0x0000000086400000, 0x0000000086400000, 0x0000000086500000|  0%| F|  |TS  0|AC  0|TAMS 0x0000000086400000, 0x0000000086400000|
|  35|0x0000000086500000, 0x0000000086500000, 0x0000000086600000|  0%| F|  |TS  0|AC  0|TAMS 0x0000000086500000, 0x0000000086500000|
|  36|0x0000000086600000, 0x0000000086600000, 0x0000000086700000|  0%| F|  |TS  0|AC  0|TAMS 0x0000000086600000, 0x0000000086600000|
|  37|0x0000000086700000, 0x0000000086700000, 0x0000000086800000|  0%| F|  |TS  0|AC  0|TAMS 0x0000000086700000, 0x0000000086700000|
|  38|0x0000000086800000, 0x0000000086800000, 0x0000000086900000|  0%| F|  |TS  0|AC  0|TAMS 0x0000000086800000, 0x0000000086800000|
|  39|0x0000000086900000, 0x0000000086900000, 0x0000000086a00000|  0%| F|  |TS  0|AC  0|TAMS 0x0000000086900000, 0x0000000086900000|
|  40|0x0000000086a00000, 0x0000000086a00000, 0x0000000086b00000|  0%| F|  |TS  0|AC  0|TAMS 0x0000000086a00000, 0x0000000086a00000|
|  41|0x0000000086b00000, 0x0000000086b00000, 0x0000000086c00000|  0%| F|  |TS  0|AC  0|TAMS 0x0000000086b00000, 0x0000000086b00000|
|  42|0x0000000086c00000, 0x0000000086c00000, 0x0000000086d00000|  0%| F|  |TS  0|AC  0|TAMS 0x0000000086c00000, 0x0000000086c00000|
|  43|0x0000000086d00000, 0x0000000086d00000, 0x0000000086e00000|  0%| F|  |TS  0|AC  0|TAMS 0x0000000086d00000, 0x0000000086d00000|
|  44|0x0000000086e00000, 0x0000000086e00000, 0x0000000086f00000|  0%| F|  |TS  0|AC  0|TAMS 0x0000000086e00000, 0x0000000086e00000|
|  45|0x0000000086f00000, 0x0000000086f00000, 0x0000000087000000|  0%| F|  |TS  0|AC  0|TAMS 0x0000000086f00000, 0x0000000086f00000|
|  46|0x0000000087000000, 0x0000000087000000, 0x0000000087100000|  0%| F|  |TS  0|AC  0|TAMS 0x0000000087000000, 0x0000000087000000|
|  47|0x0000000087100000, 0x0000000087100000, 0x0000000087200000|  0%| F|  |TS  0|AC  0|TAMS 0x0000000087100000, 0x0000000087100000|
|  48|0x0000000087200000, 0x0000000087200000, 0x0000000087300000|  0%| F|  |TS  0|AC  0|TAMS 0x0000000087200000, 0x0000000087200000|
|  49|0x0000000087300000, 0x0000000087300000, 0x0000000087400000|  0%| F|  |TS  0|AC  0|TAMS 0x0000000087300000, 0x0000000087300000|
|  50|0x0000000087400000, 0x0000000087400000, 0x0000000087500000|  0%| F|  |TS  0|AC  0|TAMS 0x0000000087400000, 0x0000000087400000|
|  51|0x0000000087500000, 0x0000000087500000, 0x0000000087600000|  0%| F|  |TS  0|AC  0|TAMS 0x0000000087500000, 0x0000000087500000|
|  52|0x0000000087600000, 0x0000000087600000, 0x0000000087700000|  0%| F|  |TS  0|AC  0|TAMS 0x0000000087600000, 0x0000000087600000|
|  53|0x0000000087700000, 0x0000000087700000, 0x0000000087800000|  0%| F|  |TS  0|AC  0|TAMS 0x0000000087700000, 0x0000000087700000|
|  54|0x0000000087800000, 0x0000000087800000, 0x0000000087900000|  0%| F|  |TS  0|AC  0|TAMS 0x0000000087800000, 0x0000000087800000|
|  55|0x0000000087900000, 0x0000000087900000, 0x0000000087a00000|  0%| F|  |TS  0|AC  0|TAMS 0x0000000087900000, 0x0000000087900000|
|  56|0x0000000087a00000, 0x0000000087a00000, 0x0000000087b00000|  0%| F|  |TS  0|AC  0|TAMS 0x0000000087a00000, 0x0000000087a00000|
|  57|0x0000000087b00000, 0x0000000087b00000, 0x0000000087c00000|  0%| F|  |TS  0|AC  0|TAMS 0x0000000087b00000, 0x0000000087b00000|
|  58|0x0000000087c00000, 0x0000000087c00000, 0x0000000087d00000|  0%| F|  |TS  0|AC  0|TAMS 0x0000000087c00000, 0x0000000087c00000|
|  59|0x0000000087d00000, 0x0000000087d00000, 0x0000000087e00000|  0%| F|  |TS  0|AC  0|TAMS 0x0000000087d00000, 0x0000000087d00000|
|  60|0x0000000087e00000, 0x0000000087e00000, 0x0000000087f00000|  0%| F|  |TS  0|AC  0|TAMS 0x0000000087e00000, 0x0000000087e00000|
|  61|0x0000000087f00000, 0x0000000087f00000, 0x0000000088000000|  0%| F|  |TS  0|AC  0|TAMS 0x0000000087f00000, 0x0000000087f00000|
|  62|0x0000000088000000, 0x0000000088000000, 0x0000000088100000|  0%| F|  |TS  0|AC  0|TAMS 0x0000000088000000, 0x0000000088000000|
|  63|0x0000000088100000, 0x0000000088100000, 0x0000000088200000|  0%| F|  |TS  0|AC  0|TAMS 0x0000000088100000, 0x0000000088100000|
|  64|0x0000000088200000, 0x0000000088200000, 0x0000000088300000|  0%| F|  |TS  0|AC  0|TAMS 0x0000000088200000, 0x0000000088200000|
|  65|0x0000000088300000, 0x0000000088300000, 0x0000000088400000|  0%| F|  |TS  0|AC  0|TAMS 0x0000000088300000, 0x0000000088300000|
|  66|0x0000000088400000, 0x0000000088400000, 0x0000000088500000|  0%| F|  |TS  0|AC  0|TAMS 0x0000000088400000, 0x0000000088400000|
|  67|0x0000000088500000, 0x0000000088500000, 0x0000000088600000|  0%| F|  |TS  0|AC  0|TAMS 0x0000000088500000, 0x0000000088500000|
|  68|0x0000000088600000, 0x0000000088600000, 0x0000000088700000|  0%| F|  |TS  0|AC  0|TAMS 0x0000000088600000, 0x0000000088600000|
|  69|0x0000000088700000, 0x0000000088700000, 0x0000000088800000|  0%| F|  |TS  0|AC  0|TAMS 0x0000000088700000, 0x0000000088700000|
|  70|0x0000000088800000, 0x0000000088800000, 0x0000000088900000|  0%| F|  |TS  0|AC  0|TAMS 0x0000000088800000, 0x0000000088800000|
|  71|0x0000000088900000, 0x0000000088900000, 0x0000000088a00000|  0%| F|  |TS  0|AC  0|TAMS 0x0000000088900000, 0x0000000088900000|
|  72|0x0000000088a00000, 0x0000000088a00000, 0x0000000088b00000|  0%| F|  |TS  0|AC  0|TAMS 0x0000000088a00000, 0x0000000088a00000|
|  73|0x0000000088b00000, 0x0000000088b00000, 0x0000000088c00000|  0%| F|  |TS  0|AC  0|TAMS 0x0000000088b00000, 0x0000000088b00000|
|  74|0x0000000088c00000, 0x0000000088c00000, 0x0000000088d00000|  0%| F|  |TS  0|AC  0|TAMS 0x0000000088c00000, 0x0000000088c00000|
|  75|0x0000000088d00000, 0x0000000088d00000, 0x0000000088e00000|  0%| F|  |TS  0|AC  0|TAMS 0x0000000088d00000, 0x0000000088d00000|
|  76|0x0000000088e00000, 0x0000000088e00000, 0x0000000088f00000|  0%| F|  |TS  0|AC  0|TAMS 0x0000000088e00000, 0x0000000088e00000|
|  77|0x0000000088f00000, 0x0000000088f00000, 0x0000000089000000|  0%| F|  |TS  0|AC  0|TAMS 0x0000000088f00000, 0x0000000088f00000|
|  78|0x0000000089000000, 0x0000000089000000, 0x0000000089100000|  0%| F|  |TS  0|AC  0|TAMS 0x0000000089000000, 0x0000000089000000|
|  79|0x0000000089100000, 0x0000000089100000, 0x0000000089200000|  0%| F|  |TS  0|AC  0|TAMS 0x0000000089100000, 0x0000000089100000|
|  80|0x0000000089200000, 0x0000000089200000, 0x0000000089300000|  0%| F|  |TS  0|AC  0|TAMS 0x0000000089200000, 0x0000000089200000|
|  81|0x0000000089300000, 0x0000000089300000, 0x0000000089400000|  0%| F|  |TS  0|AC  0|TAMS 0x0000000089300000, 0x0000000089300000|
|  82|0x0000000089400000, 0x0000000089400000, 0x0000000089500000|  0%| F|  |TS  0|AC  0|TAMS 0x0000000089400000, 0x0000000089400000|
|  83|0x0000000089500000, 0x0000000089500000, 0x0000000089600000|  0%| F|  |TS  0|AC  0|TAMS 0x0000000089500000, 0x0000000089500000|
|  84|0x0000000089600000, 0x0000000089600000, 0x0000000089700000|  0%| F|  |TS  0|AC  0|TAMS 0x0000000089600000, 0x0000000089600000|
|  85|0x0000000089700000, 0x0000000089700000, 0x0000000089800000|  0%| F|  |TS  0|AC  0|TAMS 0x0000000089700000, 0x0000000089700000|
|  86|0x0000000089800000, 0x0000000089800000, 0x0000000089900000|  0%| F|  |TS  0|AC  0|TAMS 0x0000000089800000, 0x0000000089800000|
|  87|0x0000000089900000, 0x0000000089900000, 0x0000000089a00000|  0%| F|  |TS  0|AC  0|TAMS 0x0000000089900000, 0x0000000089900000|
|  88|0x0000000089a00000, 0x0000000089a00000, 0x0000000089b00000|  0%| F|  |TS  0|AC  0|TAMS 0x0000000089a00000, 0x0000000089a00000|
|  89|0x0000000089b00000, 0x0000000089b00000, 0x0000000089c00000|  0%| F|  |TS  0|AC  0|TAMS 0x0000000089b00000, 0x0000000089b00000|
|  90|0x0000000089c00000, 0x0000000089c00000, 0x0000000089d00000|  0%| F|  |TS  0|AC  0|TAMS 0x0000000089c00000, 0x0000000089c00000|
|  91|0x0000000089d00000, 0x0000000089d00000, 0x0000000089e00000|  0%| F|  |TS  0|AC  0|TAMS 0x0000000089d00000, 0x0000000089d00000|
|  92|0x0000000089e00000, 0x0000000089e00000, 0x0000000089f00000|  0%| F|  |TS  0|AC  0|TAMS 0x0000000089e00000, 0x0000000089e00000|
|  93|0x0000000089f00000, 0x0000000089f00000, 0x000000008a000000|  0%| F|  |TS  0|AC  0|TAMS 0x0000000089f00000, 0x0000000089f00000|
|  94|0x000000008a000000, 0x000000008a000000, 0x000000008a100000|  0%| F|  |TS  0|AC  0|TAMS 0x000000008a000000, 0x000000008a000000|
|  95|0x000000008a100000, 0x000000008a100000, 0x000000008a200000|  0%| F|  |TS  0|AC  0|TAMS 0x000000008a100000, 0x000000008a100000|
|  96|0x000000008a200000, 0x000000008a200000, 0x000000008a300000|  0%| F|  |TS  0|AC  0|TAMS 0x000000008a200000, 0x000000008a200000|
|  97|0x000000008a300000, 0x000000008a300000, 0x000000008a400000|  0%| F|  |TS  0|AC  0|TAMS 0x000000008a300000, 0x000000008a300000|
|  98|0x000000008a400000, 0x000000008a400000, 0x000000008a500000|  0%| F|  |TS  0|AC  0|TAMS 0x000000008a400000, 0x000000008a400000|
|  99|0x000000008a500000, 0x000000008a500000, 0x000000008a600000|  0%| F|  |TS  0|AC  0|TAMS 0x000000008a500000, 0x000000008a500000|
| 100|0x000000008a600000, 0x000000008a600000, 0x000000008a700000|  0%| F|  |TS  0|AC  0|TAMS 0x000000008a600000, 0x000000008a600000|
| 101|0x000000008a700000, 0x000000008a700000, 0x000000008a800000|  0%| F|  |TS  0|AC  0|TAMS 0x000000008a700000, 0x000000008a700000|
| 102|0x000000008a800000, 0x000000008a800000, 0x000000008a900000|  0%| F|  |TS  0|AC  0|TAMS 0x000000008a800000, 0x000000008a800000|
| 103|0x000000008a900000, 0x000000008a900000, 0x000000008aa00000|  0%| F|  |TS  0|AC  0|TAMS 0x000000008a900000, 0x000000008a900000|
| 104|0x000000008aa00000, 0x000000008aa00000, 0x000000008ab00000|  0%| F|  |TS  0|AC  0|TAMS 0x000000008aa00000, 0x000000008aa00000|
| 105|0x000000008ab00000, 0x000000008ab00000, 0x000000008ac00000|  0%| F|  |TS  0|AC  0|TAMS 0x000000008ab00000, 0x000000008ab00000|
| 106|0x000000008ac00000, 0x000000008ac00000, 0x000000008ad00000|  0%| F|  |TS  0|AC  0|TAMS 0x000000008ac00000, 0x000000008ac00000|
| 107|0x000000008ad00000, 0x000000008ad00000, 0x000000008ae00000|  0%| F|  |TS  0|AC  0|TAMS 0x000000008ad00000, 0x000000008ad00000|
| 108|0x000000008ae00000, 0x000000008ae00000, 0x000000008af00000|  0%| F|  |TS  0|AC  0|TAMS 0x000000008ae00000, 0x000000008ae00000|
| 109|0x000000008af00000, 0x000000008af00000, 0x000000008b000000|  0%| F|  |TS  0|AC  0|TAMS 0x000000008af00000, 0x000000008af00000|
| 110|0x000000008b000000, 0x000000008b000000, 0x000000008b100000|  0%| F|  |TS  0|AC  0|TAMS 0x000000008b000000, 0x000000008b000000|
| 111|0x000000008b100000, 0x000000008b100000, 0x000000008b200000|  0%| F|  |TS  0|AC  0|TAMS 0x000000008b100000, 0x000000008b100000|
| 112|0x000000008b200000, 0x000000008b200000, 0x000000008b300000|  0%| F|  |TS  0|AC  0|TAMS 0x000000008b200000, 0x000000008b200000|
| 113|0x000000008b300000, 0x000000008b300000, 0x000000008b400000|  0%| F|  |TS  0|AC  0|TAMS 0x000000008b300000, 0x000000008b300000|
| 114|0x000000008b400000, 0x000000008b400000, 0x000000008b500000|  0%| F|  |TS  0|AC  0|TAMS 0x000000008b400000, 0x000000008b400000|
| 115|0x000000008b500000, 0x000000008b500000, 0x000000008b600000|  0%| F|  |TS  0|AC  0|TAMS 0x000000008b500000, 0x000000008b500000|
| 116|0x000000008b600000, 0x000000008b600000, 0x000000008b700000|  0%| F|  |TS  0|AC  0|TAMS 0x000000008b600000, 0x000000008b600000|
| 117|0x000000008b700000, 0x000000008b73e120, 0x000000008b800000| 24%| E|  |TS  0|AC  0|TAMS 0x000000008b700000, 0x000000008b700000|
| 118|0x000000008b800000, 0x000000008b900000, 0x000000008b900000|100%| E|CS|TS  0|AC  0|TAMS 0x000000008b800000, 0x000000008b800000|
| 119|0x000000008b900000, 0x000000008ba00000, 0x000000008ba00000|100%| E|CS|TS  0|AC  0|TAMS 0x000000008b900000, 0x000000008b900000|
| 120|0x000000008ba00000, 0x000000008bb00000, 0x000000008bb00000|100%| E|CS|TS  0|AC  0|TAMS 0x000000008ba00000, 0x000000008ba00000|
| 121|0x000000008bb00000, 0x000000008bc00000, 0x000000008bc00000|100%| E|CS|TS  0|AC  0|TAMS 0x000000008bb00000, 0x000000008bb00000|
| 122|0x000000008bc00000, 0x000000008bd00000, 0x000000008bd00000|100%| E|CS|TS  0|AC  0|TAMS 0x000000008bc00000, 0x000000008bc00000|
| 123|0x000000008bd00000, 0x000000008be00000, 0x000000008be00000|100%| E|CS|TS  0|AC  0|TAMS 0x000000008bd00000, 0x000000008bd00000|

Card table byte_map: [0x00007f448f463000,0x00007f448f842000] byte_map_base: 0x00007f448f042000

Marking Bits (Prev, Next): (CMBitMap*) 0x00007f44ec07c130, (CMBitMap*) 0x00007f44ec07c188
 Prev Bits: [0x00007f448d18c000, 0x00007f448f084000)
 Next Bits: [0x00007f448b294000, 0x00007f448d18c000)

Polling page: 0x00007f44f354d000

CodeHeap 'non-nmethods': size=5700Kb used=1255Kb max_used=1269Kb free=4444Kb
 bounds [0x00007f44d5c51000, 0x00007f44d5ec1000, 0x00007f44d61e2000]
CodeHeap 'profiled nmethods': size=120028Kb used=1017Kb max_used=1017Kb free=119011Kb
 bounds [0x00007f44d61e2000, 0x00007f44d6452000, 0x00007f44dd719000]
CodeHeap 'non-profiled nmethods': size=120032Kb used=195Kb max_used=195Kb free=119836Kb
 bounds [0x00007f44dd719000, 0x00007f44dd989000, 0x00007f44e4c51000]
 total_blobs=1259 nmethods=607 adapters=429
 compilation: enabled

Compilation events (10 events):
Event: 0.384 Thread 0x00007f44ec195000 nmethod 601 0x00007f44d62dcc10 code [0x00007f44d62dcd80, 0x00007f44d62dcef0]
Event: 0.384 Thread 0x00007f44ec195000  602       3       java.lang.invoke.MemberName::init (66 bytes)
Event: 0.384 Thread 0x00007f44ec195000 nmethod 602 0x00007f44d62dcf90 code [0x00007f44d62dd120, 0x00007f44d62dd3b0]
Event: 0.388 Thread 0x00007f44ec195000  603       3       java.nio.HeapByteBuffer::_get (7 bytes)
Event: 0.388 Thread 0x00007f44ec195000 nmethod 603 0x00007f44d62dd490 code [0x00007f44d62dd600, 0x00007f44d62dd770]
Event: 0.388 Thread 0x00007f44ec191000 nmethod 579 0x00007f44dd746390 code [0x00007f44dd746540, 0x00007f44dd747108]
Event: 0.388 Thread 0x00007f44ec191000  592       4       java.lang.String::getBytes (44 bytes)
Event: 0.389 Thread 0x00007f44ec191000 nmethod 592 0x00007f44dd747590 code [0x00007f44dd747700, 0x00007f44dd747818]
Event: 0.389 Thread 0x00007f44ec191000  599       4       java.util.concurrent.ConcurrentHashMap::setTabAt (20 bytes)
Event: 0.389 Thread 0x00007f44ec193000 nmethod 591 0x00007f44dd747910 code [0x00007f44dd747aa0, 0x00007f44dd748088]

GC Heap History (0 events):
No events

Deoptimization events (10 events):
Event: 0.282 Thread 0x00007f44ec00f000 Uncommon trap: reason=unstable_if action=reinterpret pc=0x00007f44dd71fd08 method=java.util.HashMap.hash(Ljava/lang/Object;)I @ 1
Event: 0.288 Thread 0x00007f44ec00f000 Uncommon trap: reason=class_check action=maybe_recompile pc=0x00007f44dd725000 method=java.util.HashMap.putVal(ILjava/lang/Object;Ljava/lang/Object;ZZ)Ljava/lang/Object; @ 91
Event: 0.336 Thread 0x00007f44ec00f000 Uncommon trap: reason=class_check action=maybe_recompile pc=0x00007f44dd724ac4 method=java.util.HashMap.putVal(ILjava/lang/Object;Ljava/lang/Object;ZZ)Ljava/lang/Object; @ 253
Event: 0.336 Thread 0x00007f44ec00f000 Uncommon trap: reason=class_check action=maybe_recompile pc=0x00007f44dd725000 method=java.util.HashMap.putVal(ILjava/lang/Object;Ljava/lang/Object;ZZ)Ljava/lang/Object; @ 91
Event: 0.336 Thread 0x00007f44ec00f000 Uncommon trap: reason=class_check action=maybe_recompile pc=0x00007f44dd724ac4 method=java.util.HashMap.putVal(ILjava/lang/Object;Ljava/lang/Object;ZZ)Ljava/lang/Object; @ 253
Event: 0.338 Thread 0x00007f44ec00f000 Uncommon trap: reason=unstable_fused_if action=reinterpret pc=0x00007f44dd732074 method=jdk.internal.org.objectweb.asm.ByteVector.putUTF8(Ljava/lang/String;)Ljdk/internal/org/objectweb/asm/ByteVector; @ 91
Event: 0.383 Thread 0x00007f44ec00f000 Uncommon trap: reason=bimorphic_or_optimized_type_check action=maybe_recompile pc=0x00007f44dd74483c method=java.util.HashMap.putVal(ILjava/lang/Object;Ljava/lang/Object;ZZ)Ljava/lang/Object; @ 91
Event: 0.383 Thread 0x00007f44ec00f000 Uncommon trap: reason=bimorphic_or_optimized_type_check action=maybe_recompile pc=0x00007f44dd74483c method=java.util.HashMap.putVal(ILjava/lang/Object;Ljava/lang/Object;ZZ)Ljava/lang/Object; @ 91
Event: 0.383 Thread 0x00007f44ec00f000 Uncommon trap: reason=bimorphic_or_optimized_type_check action=maybe_recompile pc=0x00007f44dd74483c method=java.util.HashMap.putVal(ILjava/lang/Object;Ljava/lang/Object;ZZ)Ljava/lang/Object; @ 91
Event: 0.383 Thread 0x00007f44ec00f000 Uncommon trap: reason=bimorphic_or_optimized_type_check action=maybe_recompile pc=0x00007f44dd74483c method=java.util.HashMap.putVal(ILjava/lang/Object;Ljava/lang/Object;ZZ)Ljava/lang/Object; @ 91

Classes redefined (0 events):
No events

Internal exceptions (7 events):
Event: 0.182 Thread 0x00007f44ec00f000 Exception <a 'java/lang/ClassNotFoundException': sun/awt/resources/awtProvider> (0x000000008bb96188) thrown at [/build/openjdk-9-argm_o/openjdk-9-9~b114/src/hotspot/src/share/vm/classfile/systemDictionary.cpp, line 224]
Event: 0.193 Thread 0x00007f44ec00f000 Exception <a 'java/io/FileNotFoundException'> (0x000000008bbd6b88) thrown at [/build/openjdk-9-argm_o/openjdk-9-9~b114/src/hotspot/src/share/vm/prims/jni.cpp, line 605]
Event: 0.194 Thread 0x00007f44ec00f000 Exception <a 'java/io/FileNotFoundException'> (0x000000008bbdebf8) thrown at [/build/openjdk-9-argm_o/openjdk-9-9~b114/src/hotspot/src/share/vm/prims/jni.cpp, line 605]
Event: 0.270 Thread 0x00007f44ec00f000 Exception <a 'java/lang/ClassNotFoundException': com/sun/swing/internal/plaf/metal/resources/metalProvider> (0x000000008b981130) thrown at [/build/openjdk-9-argm_o/openjdk-9-9~b114/src/hotspot/src/share/vm/classfile/systemDictionary.cpp, line 224]
Event: 0.270 Thread 0x00007f44ec00f000 Exception <a 'java/lang/ClassNotFoundException': com/sun/swing/internal/plaf/basic/resources/basicProvider> (0x000000008b9847f0) thrown at [/build/openjdk-9-argm_o/openjdk-9-9~b114/src/hotspot/src/share/vm/classfile/systemDictionary.cpp, line 224]
Event: 0.280 Thread 0x00007f44ec00f000 Implicit null exception at 0x00007f44dd726a3e to 0x00007f44dd7276fd
Event: 0.282 Thread 0x00007f44ec00f000 Implicit null exception at 0x00007f44dd71fc8f to 0x00007f44dd71fcf9

Events (10 events):
Event: 0.389 loading class sun/nio/cs/UTF_16$Decoder
Event: 0.389 loading class sun/nio/cs/UnicodeDecoder
Event: 0.389 loading class sun/nio/cs/UnicodeDecoder done
Event: 0.389 loading class sun/nio/cs/UTF_16$Decoder done
Event: 0.389 loading class sun/font/FileFontStrike
Event: 0.389 loading class sun/font/FileFontStrike done
Event: 0.389 loading class sun/font/FontScaler
Event: 0.389 loading class sun/font/FontScaler done
Event: 0.389 loading class sun/font/FreetypeFontScaler
Event: 0.389 loading class sun/font/FreetypeFontScaler done


Dynamic libraries:
00400000-00401000 r-xp 00000000 fc:02 810348                             /usr/lib/jvm/java-9-openjdk-amd64/bin/java
00600000-00601000 r--p 00000000 fc:02 810348                             /usr/lib/jvm/java-9-openjdk-amd64/bin/java
00601000-00602000 rw-p 00001000 fc:02 810348                             /usr/lib/jvm/java-9-openjdk-amd64/bin/java
00af8000-00b19000 rw-p 00000000 00:00 0                                  [heap]
84200000-8be00000 rw-p 00000000 00:00 0 
8be00000-100000000 ---p 00000000 00:00 0 
100000000-100180000 rw-p 00000000 00:00 0 
100180000-140000000 ---p 00000000 00:00 0 
7f4430000000-7f4430021000 rw-p 00000000 00:00 0 
7f4430021000-7f4434000000 ---p 00000000 00:00 0 
7f4434000000-7f4434021000 rw-p 00000000 00:00 0 
7f4434021000-7f4438000000 ---p 00000000 00:00 0 
7f4438000000-7f4438021000 rw-p 00000000 00:00 0 
7f4438021000-7f443c000000 ---p 00000000 00:00 0 
7f443c000000-7f443c021000 rw-p 00000000 00:00 0 
7f443c021000-7f4440000000 ---p 00000000 00:00 0 
7f4440000000-7f4440021000 rw-p 00000000 00:00 0 
7f4440021000-7f4444000000 ---p 00000000 00:00 0 
7f4444000000-7f4444021000 rw-p 00000000 00:00 0 
7f4444021000-7f4448000000 ---p 00000000 00:00 0 
7f4448000000-7f4448021000 rw-p 00000000 00:00 0 
7f4448021000-7f444c000000 ---p 00000000 00:00 0 
7f444c000000-7f444c021000 rw-p 00000000 00:00 0 
7f444c021000-7f4450000000 ---p 00000000 00:00 0 
7f4450bed000-7f4450c2d000 rw-p 00000000 00:00 0 
7f4450c2d000-7f4450ded000 ---p 00000000 00:00 0 
7f4450ded000-7f4450df8000 r-xp 00000000 fc:00 2671                       /lib/x86_64-linux-gnu/libnss_files-2.23.so
7f4450df8000-7f4450ff7000 ---p 0000b000 fc:00 2671                       /lib/x86_64-linux-gnu/libnss_files-2.23.so
7f4450ff7000-7f4450ff8000 r--p 0000a000 fc:00 2671                       /lib/x86_64-linux-gnu/libnss_files-2.23.so
7f4450ff8000-7f4450ff9000 rw-p 0000b000 fc:00 2671                       /lib/x86_64-linux-gnu/libnss_files-2.23.so
7f4450ff9000-7f4454000000 rw-p 00000000 00:00 0 
7f4454000000-7f44540d2000 rw-p 00000000 00:00 0 
7f44540d2000-7f4458000000 ---p 00000000 00:00 0 
7f4458000000-7f4458105000 rw-p 00000000 00:00 0 
7f4458105000-7f445c000000 ---p 00000000 00:00 0 
7f445c000000-7f445c292000 rw-p 00000000 00:00 0 
7f445c292000-7f4460000000 ---p 00000000 00:00 0 
7f4460000000-7f446020a000 rw-p 00000000 00:00 0 
7f446020a000-7f4464000000 ---p 00000000 00:00 0 
7f4464000000-7f4464021000 rw-p 00000000 00:00 0 
7f4464021000-7f4468000000 ---p 00000000 00:00 0 
7f4468000000-7f4468021000 rw-p 00000000 00:00 0 
7f4468021000-7f446c000000 ---p 00000000 00:00 0 
7f446c000000-7f446c021000 rw-p 00000000 00:00 0 
7f446c021000-7f4470000000 ---p 00000000 00:00 0 
7f4470000000-7f4470021000 rw-p 00000000 00:00 0 
7f4470021000-7f4474000000 ---p 00000000 00:00 0 
7f4474000000-7f4474021000 rw-p 00000000 00:00 0 
7f4474021000-7f4478000000 ---p 00000000 00:00 0 
7f447815b000-7f447835b000 rw-p 00000000 00:00 0 
7f447835b000-7f447835f000 ---p 00000000 00:00 0 
7f447835f000-7f447845c000 rw-p 00000000 00:00 0 
7f447845c000-7f4478460000 ---p 00000000 00:00 0 
7f4478460000-7f447855d000 rw-p 00000000 00:00 0 
7f447855d000-7f4478561000 ---p 00000000 00:00 0 
7f4478561000-7f447865e000 rw-p 00000000 00:00 0 
7f447865e000-7f4478663000 r-xp 00000000 fc:02 526952                     /usr/lib/x86_64-linux-gnu/libXfixes.so.3.1.0
7f4478663000-7f4478862000 ---p 00005000 fc:02 526952                     /usr/lib/x86_64-linux-gnu/libXfixes.so.3.1.0
7f4478862000-7f4478863000 r--p 00004000 fc:02 526952                     /usr/lib/x86_64-linux-gnu/libXfixes.so.3.1.0
7f4478863000-7f4478864000 rw-p 00005000 fc:02 526952                     /usr/lib/x86_64-linux-gnu/libXfixes.so.3.1.0
7f4478864000-7f447886d000 r-xp 00000000 fc:02 531222                     /usr/lib/x86_64-linux-gnu/libXcursor.so.1.0.2
7f447886d000-7f4478a6c000 ---p 00009000 fc:02 531222                     /usr/lib/x86_64-linux-gnu/libXcursor.so.1.0.2
7f4478a6c000-7f4478a6d000 r--p 00008000 fc:02 531222                     /usr/lib/x86_64-linux-gnu/libXcursor.so.1.0.2
7f4478a6d000-7f4478a6e000 rw-p 00009000 fc:02 531222                     /usr/lib/x86_64-linux-gnu/libXcursor.so.1.0.2
7f4478a6e000-7f4478a72000 ---p 00000000 00:00 0 
7f4478a72000-7f4478b6f000 rw-p 00000000 00:00 0 
7f4478b6f000-7f4478b93000 r-xp 00000000 fc:00 604                        /lib/x86_64-linux-gnu/libpng12.so.0.54.0
7f4478b93000-7f4478d92000 ---p 00024000 fc:00 604                        /lib/x86_64-linux-gnu/libpng12.so.0.54.0
7f4478d92000-7f4478d93000 r--p 00023000 fc:00 604                        /lib/x86_64-linux-gnu/libpng12.so.0.54.0
7f4478d93000-7f4478d94000 rw-p 00024000 fc:00 604                        /lib/x86_64-linux-gnu/libpng12.so.0.54.0
7f4478d94000-7f4478e38000 r-xp 00000000 fc:02 527246                     /usr/lib/x86_64-linux-gnu/libfreetype.so.6.12.1
7f4478e38000-7f4479037000 ---p 000a4000 fc:02 527246                     /usr/lib/x86_64-linux-gnu/libfreetype.so.6.12.1
7f4479037000-7f447903d000 r--p 000a3000 fc:02 527246                     /usr/lib/x86_64-linux-gnu/libfreetype.so.6.12.1
7f447903d000-7f447903e000 rw-p 000a9000 fc:02 527246                     /usr/lib/x86_64-linux-gnu/libfreetype.so.6.12.1
7f447903e000-7f4479104000 r-xp 00000000 fc:02 944684                     /usr/lib/jvm/java-9-openjdk-amd64/lib/amd64/libfontmanager.so
7f4479104000-7f4479303000 ---p 000c6000 fc:02 944684                     /usr/lib/jvm/java-9-openjdk-amd64/lib/amd64/libfontmanager.so
7f4479303000-7f4479306000 r--p 000c5000 fc:02 944684                     /usr/lib/jvm/java-9-openjdk-amd64/lib/amd64/libfontmanager.so
7f4479306000-7f4479307000 rw-p 000c8000 fc:02 944684                     /usr/lib/jvm/java-9-openjdk-amd64/lib/amd64/libfontmanager.so
7f4479307000-7f4479308000 rw-p 00000000 00:00 0 
7f4479308000-7f447930d000 r-xp 00000000 fc:02 526937                     /usr/lib/x86_64-linux-gnu/libXdmcp.so.6.0.0
7f447930d000-7f447950c000 ---p 00005000 fc:02 526937                     /usr/lib/x86_64-linux-gnu/libXdmcp.so.6.0.0
7f447950c000-7f447950d000 r--p 00004000 fc:02 526937                     /usr/lib/x86_64-linux-gnu/libXdmcp.so.6.0.0
7f447950d000-7f447950e000 rw-p 00005000 fc:02 526937                     /usr/lib/x86_64-linux-gnu/libXdmcp.so.6.0.0
7f447950e000-7f4479510000 r-xp 00000000 fc:02 526935                     /usr/lib/x86_64-linux-gnu/libXau.so.6.0.0
7f4479510000-7f4479710000 ---p 00002000 fc:02 526935                     /usr/lib/x86_64-linux-gnu/libXau.so.6.0.0
7f4479710000-7f4479711000 r--p 00002000 fc:02 526935                     /usr/lib/x86_64-linux-gnu/libXau.so.6.0.0
7f4479711000-7f4479712000 rw-p 00003000 fc:02 526935                     /usr/lib/x86_64-linux-gnu/libXau.so.6.0.0
7f4479712000-7f4479733000 r-xp 00000000 fc:02 526939                     /usr/lib/x86_64-linux-gnu/libxcb.so.1.1.0
7f4479733000-7f4479932000 ---p 00021000 fc:02 526939                     /usr/lib/x86_64-linux-gnu/libxcb.so.1.1.0
7f4479932000-7f4479933000 r--p 00020000 fc:02 526939                     /usr/lib/x86_64-linux-gnu/libxcb.so.1.1.0
7f4479933000-7f4479934000 rw-p 00021000 fc:02 526939                     /usr/lib/x86_64-linux-gnu/libxcb.so.1.1.0
7f4479934000-7f4479943000 r-xp 00000000 fc:02 527334                     /usr/lib/x86_64-linux-gnu/libXi.so.6.1.0
7f4479943000-7f4479b42000 ---p 0000f000 fc:02 527334                     /usr/lib/x86_64-linux-gnu/libXi.so.6.1.0
7f4479b42000-7f4479b43000 r--p 0000e000 fc:02 527334                     /usr/lib/x86_64-linux-gnu/libXi.so.6.1.0
7f4479b43000-7f4479b44000 rw-p 0000f000 fc:02 527334                     /usr/lib/x86_64-linux-gnu/libXi.so.6.1.0
7f4479b44000-7f4479b49000 r-xp 00000000 fc:02 527256                     /usr/lib/x86_64-linux-gnu/libXtst.so.6.1.0
7f4479b49000-7f4479d48000 ---p 00005000 fc:02 527256                     /usr/lib/x86_64-linux-gnu/libXtst.so.6.1.0
7f4479d48000-7f4479d49000 r--p 00004000 fc:02 527256                     /usr/lib/x86_64-linux-gnu/libXtst.so.6.1.0
7f4479d49000-7f4479d4a000 rw-p 00005000 fc:02 527256                     /usr/lib/x86_64-linux-gnu/libXtst.so.6.1.0
7f4479d4a000-7f4479d53000 r-xp 00000000 fc:02 526954                     /usr/lib/x86_64-linux-gnu/libXrender.so.1.3.0
7f4479d53000-7f4479f52000 ---p 00009000 fc:02 526954                     /usr/lib/x86_64-linux-gnu/libXrender.so.1.3.0
7f4479f52000-7f4479f53000 r--p 00008000 fc:02 526954                     /usr/lib/x86_64-linux-gnu/libXrender.so.1.3.0
7f4479f53000-7f4479f54000 rw-p 00009000 fc:02 526954                     /usr/lib/x86_64-linux-gnu/libXrender.so.1.3.0
7f4479f54000-7f447a089000 r-xp 00000000 fc:02 530955                     /usr/lib/x86_64-linux-gnu/libX11.so.6.3.0
7f447a089000-7f447a289000 ---p 00135000 fc:02 530955                     /usr/lib/x86_64-linux-gnu/libX11.so.6.3.0
7f447a289000-7f447a28a000 r--p 00135000 fc:02 530955                     /usr/lib/x86_64-linux-gnu/libX11.so.6.3.0
7f447a28a000-7f447a28e000 rw-p 00136000 fc:02 530955                     /usr/lib/x86_64-linux-gnu/libX11.so.6.3.0
7f447a28e000-7f447a29f000 r-xp 00000000 fc:02 526943                     /usr/lib/x86_64-linux-gnu/libXext.so.6.4.0
7f447a29f000-7f447a49e000 ---p 00011000 fc:02 526943                     /usr/lib/x86_64-linux-gnu/libXext.so.6.4.0
7f447a49e000-7f447a49f000 r--p 00010000 fc:02 526943                     /usr/lib/x86_64-linux-gnu/libXext.so.6.4.0
7f447a49f000-7f447a4a0000 rw-p 00011000 fc:02 526943                     /usr/lib/x86_64-linux-gnu/libXext.so.6.4.0
7f447a4a0000-7f447a4f7000 r-xp 00000000 fc:02 944711                     /usr/lib/jvm/java-9-openjdk-amd64/lib/amd64/libawt_xawt.so
7f447a4f7000-7f447a6f7000 ---p 00057000 fc:02 944711                     /usr/lib/jvm/java-9-openjdk-amd64/lib/amd64/libawt_xawt.so
7f447a6f7000-7f447a6f8000 r--p 00057000 fc:02 944711                     /usr/lib/jvm/java-9-openjdk-amd64/lib/amd64/libawt_xawt.so
7f447a6f8000-7f447a6fb000 rw-p 00058000 fc:02 944711                     /usr/lib/jvm/java-9-openjdk-amd64/lib/amd64/libawt_xawt.so
7f447a6fb000-7f447a6fc000 rw-p 00000000 00:00 0 
7f447a6fc000-7f447a79c000 r-xp 00000000 fc:02 944683                     /usr/lib/jvm/java-9-openjdk-amd64/lib/amd64/libawt.so
7f447a79c000-7f447a99b000 ---p 000a0000 fc:02 944683                     /usr/lib/jvm/java-9-openjdk-amd64/lib/amd64/libawt.so
7f447a99b000-7f447a99c000 r--p 0009f000 fc:02 944683                     /usr/lib/jvm/java-9-openjdk-amd64/lib/amd64/libawt.so
7f447a99c000-7f447a9a7000 rw-p 000a0000 fc:02 944683                     /usr/lib/jvm/java-9-openjdk-amd64/lib/amd64/libawt.so
7f447a9a7000-7f447a9cc000 rw-p 00000000 00:00 0 
7f447a9cc000-7f447a9cd000 ---p 00000000 00:00 0 
7f447a9cd000-7f447aacd000 rw-p 00000000 00:00 0 
7f447aacd000-7f447aad1000 ---p 00000000 00:00 0 
7f447aad1000-7f447abce000 rw-p 00000000 00:00 0 
7f447abce000-7f447abd2000 ---p 00000000 00:00 0 
7f447abd2000-7f447accf000 rw-p 00000000 00:00 0 
7f447accf000-7f447ace5000 r-xp 00000000 fc:02 944685                     /usr/lib/jvm/java-9-openjdk-amd64/lib/amd64/libnet.so
7f447ace5000-7f447aee4000 ---p 00016000 fc:02 944685                     /usr/lib/jvm/java-9-openjdk-amd64/lib/amd64/libnet.so
7f447aee4000-7f447aee5000 r--p 00015000 fc:02 944685                     /usr/lib/jvm/java-9-openjdk-amd64/lib/amd64/libnet.so
7f447aee5000-7f447aee6000 rw-p 00016000 fc:02 944685                     /usr/lib/jvm/java-9-openjdk-amd64/lib/amd64/libnet.so
7f447aee6000-7f447aef7000 r-xp 00000000 fc:02 944712                     /usr/lib/jvm/java-9-openjdk-amd64/lib/amd64/libnio.so
7f447aef7000-7f447b0f7000 ---p 00011000 fc:02 944712                     /usr/lib/jvm/java-9-openjdk-amd64/lib/amd64/libnio.so
7f447b0f7000-7f447b0f8000 r--p 00011000 fc:02 944712                     /usr/lib/jvm/java-9-openjdk-amd64/lib/amd64/libnio.so
7f447b0f8000-7f447b0f9000 rw-p 00012000 fc:02 944712                     /usr/lib/jvm/java-9-openjdk-amd64/lib/amd64/libnio.so
7f447b0f9000-7f447b0fd000 ---p 00000000 00:00 0 
7f447b0fd000-7f447b1fa000 rw-p 00000000 00:00 0 
7f447b1fa000-7f447b1fe000 ---p 00000000 00:00 0 
7f447b1fe000-7f447b2fb000 rw-p 00000000 00:00 0 
7f447b2fb000-7f447b2ff000 ---p 00000000 00:00 0 
7f447b2ff000-7f447b3fc000 rw-p 00000000 00:00 0 
7f447b3fc000-7f447b400000 ---p 00000000 00:00 0 
7f447b400000-7f447b4fd000 rw-p 00000000 00:00 0 
7f447b4fd000-7f447b501000 ---p 00000000 00:00 0 
7f447b501000-7f447b5fe000 rw-p 00000000 00:00 0 
7f447b5fe000-7f447b602000 ---p 00000000 00:00 0 
7f447b602000-7f447b6ff000 rw-p 00000000 00:00 0 
7f447b6ff000-7f447b703000 ---p 00000000 00:00 0 
7f447b703000-7f447c000000 rw-p 00000000 00:00 0 
7f447c000000-7f447c021000 rw-p 00000000 00:00 0 
7f447c021000-7f4480000000 ---p 00000000 00:00 0 
7f4480000000-7f4480021000 rw-p 00000000 00:00 0 
7f4480021000-7f4484000000 ---p 00000000 00:00 0 
7f4484000000-7f4484021000 rw-p 00000000 00:00 0 
7f4484021000-7f4488000000 ---p 00000000 00:00 0 
7f4488077000-7f4488354000 r--p 00000000 fc:02 524610                     /usr/lib/locale/locale-archive
7f4488354000-7f4488358000 ---p 00000000 00:00 0 
7f4488358000-7f4488455000 rw-p 00000000 00:00 0 
7f4488455000-7f4488459000 ---p 00000000 00:00 0 
7f4488459000-7f4488556000 rw-p 00000000 00:00 0 
7f4488556000-7f4488557000 ---p 00000000 00:00 0 
7f4488557000-7f448b484000 rw-p 00000000 00:00 0 
7f448b484000-7f448d18c000 ---p 00000000 00:00 0 
7f448d18c000-7f448d37c000 rw-p 00000000 00:00 0 
7f448d37c000-7f448f084000 ---p 00000000 00:00 0 
7f448f084000-7f448f0c2000 rw-p 00000000 00:00 0 
7f448f0c2000-7f448f463000 ---p 00000000 00:00 0 
7f448f463000-7f448f4a1000 rw-p 00000000 00:00 0 
7f448f4a1000-7f448fc21000 ---p 00000000 00:00 0 
7f448fc21000-7f448fc5f000 rw-p 00000000 00:00 0 
7f448fc5f000-7f4490000000 ---p 00000000 00:00 0 
7f4490000000-7f4490021000 rw-p 00000000 00:00 0 
7f4490021000-7f4494000000 ---p 00000000 00:00 0 
7f4494000000-7f4494021000 rw-p 00000000 00:00 0 
7f4494021000-7f4498000000 ---p 00000000 00:00 0 
7f4498000000-7f4498021000 rw-p 00000000 00:00 0 
7f4498021000-7f449c000000 ---p 00000000 00:00 0 
7f449c000000-7f449c021000 rw-p 00000000 00:00 0 
7f449c021000-7f44a0000000 ---p 00000000 00:00 0 
7f44a0000000-7f44a0021000 rw-p 00000000 00:00 0 
7f44a0021000-7f44a4000000 ---p 00000000 00:00 0 
7f44a4000000-7f44a4021000 rw-p 00000000 00:00 0 
7f44a4021000-7f44a8000000 ---p 00000000 00:00 0 
7f44a8000000-7f44a8021000 rw-p 00000000 00:00 0 
7f44a8021000-7f44ac000000 ---p 00000000 00:00 0 
7f44ac000000-7f44ac021000 rw-p 00000000 00:00 0 
7f44ac021000-7f44b0000000 ---p 00000000 00:00 0 
7f44b0000000-7f44b0021000 rw-p 00000000 00:00 0 
7f44b0021000-7f44b4000000 ---p 00000000 00:00 0 
7f44b4000000-7f44b4021000 rw-p 00000000 00:00 0 
7f44b4021000-7f44b8000000 ---p 00000000 00:00 0 
7f44b8000000-7f44b8021000 rw-p 00000000 00:00 0 
7f44b8021000-7f44bc000000 ---p 00000000 00:00 0 
7f44bc000000-7f44bc021000 rw-p 00000000 00:00 0 
7f44bc021000-7f44c0000000 ---p 00000000 00:00 0 
7f44c0000000-7f44c0021000 rw-p 00000000 00:00 0 
7f44c0021000-7f44c4000000 ---p 00000000 00:00 0 
7f44c4000000-7f44c4021000 rw-p 00000000 00:00 0 
7f44c4021000-7f44c8000000 ---p 00000000 00:00 0 
7f44c8000000-7f44c8021000 rw-p 00000000 00:00 0 
7f44c8021000-7f44cc000000 ---p 00000000 00:00 0 
7f44cc000000-7f44cc021000 rw-p 00000000 00:00 0 
7f44cc021000-7f44d0000000 ---p 00000000 00:00 0 
7f44d0000000-7f44d0021000 rw-p 00000000 00:00 0 
7f44d0021000-7f44d4000000 ---p 00000000 00:00 0 
7f44d4035000-7f44d4036000 ---p 00000000 00:00 0 
7f44d4036000-7f44d4136000 rw-p 00000000 00:00 0 
7f44d4136000-7f44d4137000 ---p 00000000 00:00 0 
7f44d4137000-7f44d4237000 rw-p 00000000 00:00 0 
7f44d4237000-7f44d4238000 ---p 00000000 00:00 0 
7f44d4238000-7f44d4338000 rw-p 00000000 00:00 0 
7f44d4338000-7f44d4339000 ---p 00000000 00:00 0 
7f44d4339000-7f44d4439000 rw-p 00000000 00:00 0 
7f44d4439000-7f44d443a000 ---p 00000000 00:00 0 
7f44d443a000-7f44d453a000 rw-p 00000000 00:00 0 
7f44d453a000-7f44d453b000 ---p 00000000 00:00 0 
7f44d453b000-7f44d463b000 rw-p 00000000 00:00 0 
7f44d463b000-7f44d463c000 ---p 00000000 00:00 0 
7f44d463c000-7f44d473c000 rw-p 00000000 00:00 0 
7f44d473c000-7f44d473d000 ---p 00000000 00:00 0 
7f44d473d000-7f44d483d000 rw-p 00000000 00:00 0 
7f44d483d000-7f44d483e000 ---p 00000000 00:00 0 
7f44d483e000-7f44d493e000 rw-p 00000000 00:00 0 
7f44d493e000-7f44d493f000 ---p 00000000 00:00 0 
7f44d493f000-7f44d4a3f000 rw-p 00000000 00:00 0 
7f44d4a3f000-7f44d4a40000 ---p 00000000 00:00 0 
7f44d4a40000-7f44d4b40000 rw-p 00000000 00:00 0 
7f44d4b40000-7f44d4b41000 ---p 00000000 00:00 0 
7f44d4b41000-7f44d5449000 rw-p 00000000 00:00 0 
7f44d5449000-7f44d544a000 ---p 00000000 00:00 0 
7f44d544a000-7f44d554a000 rw-p 00000000 00:00 0 
7f44d554a000-7f44d554b000 ---p 00000000 00:00 0 
7f44d554b000-7f44d564b000 rw-p 00000000 00:00 0 
7f44d564b000-7f44d564c000 ---p 00000000 00:00 0 
7f44d564c000-7f44d574c000 rw-p 00000000 00:00 0 
7f44d574c000-7f44d574d000 ---p 00000000 00:00 0 
7f44d574d000-7f44d584d000 rw-p 00000000 00:00 0 
7f44d584d000-7f44d584e000 ---p 00000000 00:00 0 
7f44d584e000-7f44d594e000 rw-p 00000000 00:00 0 
7f44d594e000-7f44d594f000 ---p 00000000 00:00 0 
7f44d594f000-7f44d5a4f000 rw-p 00000000 00:00 0 
7f44d5a4f000-7f44d5a50000 ---p 00000000 00:00 0 
7f44d5a50000-7f44d5b50000 rw-p 00000000 00:00 0 
7f44d5b50000-7f44d5b51000 ---p 00000000 00:00 0 
7f44d5b51000-7f44d5c51000 rw-p 00000000 00:00 0 
7f44d5c51000-7f44d5ec1000 rwxp 00000000 00:00 0 
7f44d5ec1000-7f44d61e2000 ---p 00000000 00:00 0 
7f44d61e2000-7f44d6452000 rwxp 00000000 00:00 0 
7f44d6452000-7f44dd719000 ---p 00000000 00:00 0 
7f44dd719000-7f44dd989000 rwxp 00000000 00:00 0 
7f44dd989000-7f44e4c51000 ---p 00000000 00:00 0 
7f44e4c51000-7f44ec000000 r--s 00000000 fc:02 810353                     /usr/lib/jvm/java-9-openjdk-amd64/lib/modules
7f44ec000000-7f44ec3d0000 rw-p 00000000 00:00 0 
7f44ec3d0000-7f44f0000000 ---p 00000000 00:00 0 
7f44f003e000-7f44f00bf000 rw-p 00000000 00:00 0 
7f44f00bf000-7f44f01a5000 ---p 00000000 00:00 0 
7f44f01a5000-7f44f01aa000 rw-p 00000000 00:00 0 
7f44f01aa000-7f44f0290000 ---p 00000000 00:00 0 
7f44f0290000-7f44f0295000 r-xp 00000000 fc:02 944699                     /usr/lib/jvm/java-9-openjdk-amd64/lib/amd64/libjimage.so
7f44f0295000-7f44f0494000 ---p 00005000 fc:02 944699                     /usr/lib/jvm/java-9-openjdk-amd64/lib/amd64/libjimage.so
7f44f0494000-7f44f0495000 r--p 00004000 fc:02 944699                     /usr/lib/jvm/java-9-openjdk-amd64/lib/amd64/libjimage.so
7f44f0495000-7f44f0496000 rw-p 00005000 fc:02 944699                     /usr/lib/jvm/java-9-openjdk-amd64/lib/amd64/libjimage.so
7f44f0496000-7f44f049d000 r-xp 00000000 fc:02 944695                     /usr/lib/jvm/java-9-openjdk-amd64/lib/amd64/libzip.so
7f44f049d000-7f44f069c000 ---p 00007000 fc:02 944695                     /usr/lib/jvm/java-9-openjdk-amd64/lib/amd64/libzip.so
7f44f069c000-7f44f069d000 r--p 00006000 fc:02 944695                     /usr/lib/jvm/java-9-openjdk-amd64/lib/amd64/libzip.so
7f44f069d000-7f44f069e000 rw-p 00007000 fc:02 944695                     /usr/lib/jvm/java-9-openjdk-amd64/lib/amd64/libzip.so
7f44f069e000-7f44f06c9000 r-xp 00000000 fc:02 944678                     /usr/lib/jvm/java-9-openjdk-amd64/lib/amd64/libjava.so
7f44f06c9000-7f44f08c8000 ---p 0002b000 fc:02 944678                     /usr/lib/jvm/java-9-openjdk-amd64/lib/amd64/libjava.so
7f44f08c8000-7f44f08c9000 r--p 0002a000 fc:02 944678                     /usr/lib/jvm/java-9-openjdk-amd64/lib/amd64/libjava.so
7f44f08c9000-7f44f08cb000 rw-p 0002b000 fc:02 944678                     /usr/lib/jvm/java-9-openjdk-amd64/lib/amd64/libjava.so
7f44f08cb000-7f44f08d8000 r-xp 00000000 fc:02 944679                     /usr/lib/jvm/java-9-openjdk-amd64/lib/amd64/libverify.so
7f44f08d8000-7f44f0ad7000 ---p 0000d000 fc:02 944679                     /usr/lib/jvm/java-9-openjdk-amd64/lib/amd64/libverify.so
7f44f0ad7000-7f44f0ad9000 r--p 0000c000 fc:02 944679                     /usr/lib/jvm/java-9-openjdk-amd64/lib/amd64/libverify.so
7f44f0ad9000-7f44f0ada000 rw-p 0000e000 fc:02 944679                     /usr/lib/jvm/java-9-openjdk-amd64/lib/amd64/libverify.so
7f44f0ada000-7f44f0ae1000 r-xp 00000000 fc:00 2676                       /lib/x86_64-linux-gnu/librt-2.23.so
7f44f0ae1000-7f44f0ce0000 ---p 00007000 fc:00 2676                       /lib/x86_64-linux-gnu/librt-2.23.so
7f44f0ce0000-7f44f0ce1000 r--p 00006000 fc:00 2676                       /lib/x86_64-linux-gnu/librt-2.23.so
7f44f0ce1000-7f44f0ce2000 rw-p 00007000 fc:00 2676                       /lib/x86_64-linux-gnu/librt-2.23.so
7f44f0ce2000-7f44f0cf9000 r-xp 00000000 fc:00 204                        /lib/x86_64-linux-gnu/libgcc_s.so.1
7f44f0cf9000-7f44f0ef8000 ---p 00017000 fc:00 204                        /lib/x86_64-linux-gnu/libgcc_s.so.1
7f44f0ef8000-7f44f0ef9000 r--p 00016000 fc:00 204                        /lib/x86_64-linux-gnu/libgcc_s.so.1
7f44f0ef9000-7f44f0efa000 rw-p 00017000 fc:00 204                        /lib/x86_64-linux-gnu/libgcc_s.so.1
7f44f0efa000-7f44f1002000 r-xp 00000000 fc:00 792                        /lib/x86_64-linux-gnu/libm-2.23.so
7f44f1002000-7f44f1201000 ---p 00108000 fc:00 792                        /lib/x86_64-linux-gnu/libm-2.23.so
7f44f1201000-7f44f1202000 r--p 00107000 fc:00 792                        /lib/x86_64-linux-gnu/libm-2.23.so
7f44f1202000-7f44f1203000 rw-p 00108000 fc:00 792                        /lib/x86_64-linux-gnu/libm-2.23.so
7f44f1203000-7f44f137f000 r-xp 00000000 fc:02 526962                     /usr/lib/x86_64-linux-gnu/libstdc++.so.6.0.25
7f44f137f000-7f44f157f000 ---p 0017c000 fc:02 526962                     /usr/lib/x86_64-linux-gnu/libstdc++.so.6.0.25
7f44f157f000-7f44f1589000 r--p 0017c000 fc:02 526962                     /usr/lib/x86_64-linux-gnu/libstdc++.so.6.0.25
7f44f1589000-7f44f158b000 rw-p 00186000 fc:02 526962                     /usr/lib/x86_64-linux-gnu/libstdc++.so.6.0.25
7f44f158b000-7f44f158f000 rw-p 00000000 00:00 0 
7f44f158f000-7f44f23ed000 r-xp 00000000 fc:02 944692                     /usr/lib/jvm/java-9-openjdk-amd64/lib/amd64/server/libjvm.so
7f44f23ed000-7f44f25ed000 ---p 00e5e000 fc:02 944692                     /usr/lib/jvm/java-9-openjdk-amd64/lib/amd64/server/libjvm.so
7f44f25ed000-7f44f269f000 r--p 00e5e000 fc:02 944692                     /usr/lib/jvm/java-9-openjdk-amd64/lib/amd64/server/libjvm.so
7f44f269f000-7f44f26d1000 rw-p 00f10000 fc:02 944692                     /usr/lib/jvm/java-9-openjdk-amd64/lib/amd64/server/libjvm.so
7f44f26d1000-7f44f2716000 rw-p 00000000 00:00 0 
7f44f2716000-7f44f272e000 r-xp 00000000 fc:00 795                        /lib/x86_64-linux-gnu/libpthread-2.23.so
7f44f272e000-7f44f292d000 ---p 00018000 fc:00 795                        /lib/x86_64-linux-gnu/libpthread-2.23.so
7f44f292d000-7f44f292e000 r--p 00017000 fc:00 795                        /lib/x86_64-linux-gnu/libpthread-2.23.so
7f44f292e000-7f44f292f000 rw-p 00018000 fc:00 795                        /lib/x86_64-linux-gnu/libpthread-2.23.so
7f44f292f000-7f44f2933000 rw-p 00000000 00:00 0 
7f44f2933000-7f44f2936000 r-xp 00000000 fc:00 798                        /lib/x86_64-linux-gnu/libdl-2.23.so
7f44f2936000-7f44f2b35000 ---p 00003000 fc:00 798                        /lib/x86_64-linux-gnu/libdl-2.23.so
7f44f2b35000-7f44f2b36000 r--p 00002000 fc:00 798                        /lib/x86_64-linux-gnu/libdl-2.23.so
7f44f2b36000-7f44f2b37000 rw-p 00003000 fc:00 798                        /lib/x86_64-linux-gnu/libdl-2.23.so
7f44f2b37000-7f44f2b50000 r-xp 00000000 fc:00 206                        /lib/x86_64-linux-gnu/libz.so.1.2.8
7f44f2b50000-7f44f2d4f000 ---p 00019000 fc:00 206                        /lib/x86_64-linux-gnu/libz.so.1.2.8
7f44f2d4f000-7f44f2d50000 r--p 00018000 fc:00 206                        /lib/x86_64-linux-gnu/libz.so.1.2.8
7f44f2d50000-7f44f2d51000 rw-p 00019000 fc:00 206                        /lib/x86_64-linux-gnu/libz.so.1.2.8
7f44f2d51000-7f44f2f11000 r-xp 00000000 fc:00 796                        /lib/x86_64-linux-gnu/libc-2.23.so
7f44f2f11000-7f44f3111000 ---p 001c0000 fc:00 796                        /lib/x86_64-linux-gnu/libc-2.23.so
7f44f3111000-7f44f3115000 r--p 001c0000 fc:00 796                        /lib/x86_64-linux-gnu/libc-2.23.so
7f44f3115000-7f44f3117000 rw-p 001c4000 fc:00 796                        /lib/x86_64-linux-gnu/libc-2.23.so
7f44f3117000-7f44f311b000 rw-p 00000000 00:00 0 
7f44f311b000-7f44f3129000 r-xp 00000000 fc:02 944709                     /usr/lib/jvm/java-9-openjdk-amd64/lib/amd64/jli/libjli.so
7f44f3129000-7f44f3328000 ---p 0000e000 fc:02 944709                     /usr/lib/jvm/java-9-openjdk-amd64/lib/amd64/jli/libjli.so
7f44f3328000-7f44f3329000 r--p 0000d000 fc:02 944709                     /usr/lib/jvm/java-9-openjdk-amd64/lib/amd64/jli/libjli.so
7f44f3329000-7f44f332a000 rw-p 0000e000 fc:02 944709                     /usr/lib/jvm/java-9-openjdk-amd64/lib/amd64/jli/libjli.so
7f44f332a000-7f44f3350000 r-xp 00000000 fc:00 794                        /lib/x86_64-linux-gnu/ld-2.23.so
7f44f3372000-7f44f3416000 rw-p 00000000 00:00 0 
7f44f3416000-7f44f341a000 ---p 00000000 00:00 0 
7f44f341a000-7f44f351b000 rw-p 00000000 00:00 0 
7f44f3538000-7f44f353d000 rw-p 00000000 00:00 0 
7f44f353d000-7f44f3544000 ---p 00000000 00:00 0 
7f44f3544000-7f44f354c000 rw-s 00000000 fc:05 131151                     /tmp/hsperfdata_wtalabou/19002
7f44f354c000-7f44f354d000 rw-p 00000000 00:00 0 
7f44f354d000-7f44f354e000 r--p 00000000 00:00 0 
7f44f354e000-7f44f354f000 rw-p 00000000 00:00 0 
7f44f354f000-7f44f3550000 r--p 00025000 fc:00 794                        /lib/x86_64-linux-gnu/ld-2.23.so
7f44f3550000-7f44f3551000 rw-p 00026000 fc:00 794                        /lib/x86_64-linux-gnu/ld-2.23.so
7f44f3551000-7f44f3552000 rw-p 00000000 00:00 0 
7fff0ac62000-7fff0ac83000 rw-p 00000000 00:00 0                          [stack]
7fff0acdf000-7fff0ace2000 r--p 00000000 00:00 0                          [vvar]
7fff0ace2000-7fff0ace4000 r-xp 00000000 00:00 0                          [vdso]
ffffffffff600000-ffffffffff601000 r-xp 00000000 00:00 0                  [vsyscall]

VM Arguments:
java_command: VisTool
java_class_path (initial): .
Launcher Type: SUN_STANDARD

Environment Variables:
PATH=/home/local/wtalabou/anaconda3/bin:/usr/local/sbin:/usr/local/bin:/usr/sbin:/usr/bin:/sbin:/bin:/usr/games:/usr/local/games:/nas/home/ROCQ/aoste/wtalabou/RTaW/RTaW-Sim-1.4.6-Pro/bin:/home/local/wtalabou/proxima/sim_tools/gcc-powerpc-elf/bin:/home/local/wtalabou/proxima/sim_tools/soclib/utils/bin/:/home/local/wtalabou/proxima/rand_tools/prefix/powerpc/bin
LD_LIBRARY_PATH=:/home/local/wtalabou/proxima/rand_tools/prefix/powerpc/lib
SHELL=/bin/bash
DISPLAY=:0

Signal Handlers:
SIGSEGV: [libjvm.so+0xc12c20], sa_mask[0]=11111111011111111101111111111110, sa_flags=SA_RESTART|SA_SIGINFO
SIGBUS: [libjvm.so+0xc12c20], sa_mask[0]=11111111011111111101111111111110, sa_flags=SA_RESTART|SA_SIGINFO
SIGFPE: [libjvm.so+0xc12c20], sa_mask[0]=11111111011111111101111111111110, sa_flags=SA_RESTART|SA_SIGINFO
SIGPIPE: [libjvm.so+0xa3b600], sa_mask[0]=11111111011111111101111111111110, sa_flags=SA_RESTART|SA_SIGINFO
SIGXFSZ: [libjvm.so+0xa3b600], sa_mask[0]=11111111011111111101111111111110, sa_flags=SA_RESTART|SA_SIGINFO
SIGILL: [libjvm.so+0xc12c20], sa_mask[0]=11111111011111111101111111111110, sa_flags=SA_RESTART|SA_SIGINFO
SIGUSR2: [libjvm.so+0xa3b4a0], sa_mask[0]=00000000000000000000000000000000, sa_flags=SA_RESTART|SA_SIGINFO
SIGHUP: [libjvm.so+0xa3b870], sa_mask[0]=11111111011111111101111111111110, sa_flags=SA_RESTART|SA_SIGINFO
SIGINT: [libjvm.so+0xa3b870], sa_mask[0]=11111111011111111101111111111110, sa_flags=SA_RESTART|SA_SIGINFO
SIGTERM: [libjvm.so+0xa3b870], sa_mask[0]=11111111011111111101111111111110, sa_flags=SA_RESTART|SA_SIGINFO
SIGQUIT: [libjvm.so+0xa3b870], sa_mask[0]=11111111011111111101111111111110, sa_flags=SA_RESTART|SA_SIGINFO


---------------  S Y S T E M  ---------------

OS:DISTRIB_ID=Ubuntu
DISTRIB_RELEASE=16.04
DISTRIB_CODENAME=xenial
DISTRIB_DESCRIPTION="Ubuntu 16.04.5 LTS"
uname:Linux 4.4.0-139-generic #165-Ubuntu SMP Wed Oct 24 10:58:50 UTC 2018 x86_64
libc:glibc 2.23 NPTL 2.23 
rlimit: STACK 8192k, CORE 0k, NPROC 31508, NOFILE 1048576, AS infinity
load average:0.31 0.38 0.28

/proc/meminfo:
MemTotal:        8117596 kB
MemFree:          554064 kB
MemAvailable:    5693160 kB
Buffers:          509860 kB
Cached:          4461912 kB
SwapCached:           40 kB
Active:          3739928 kB
Inactive:        2869220 kB
Active(anon):    1350272 kB
Inactive(anon):   383728 kB
Active(file):    2389656 kB
Inactive(file):  2485492 kB
Unevictable:         128 kB
Mlocked:             128 kB
SwapTotal:       1048572 kB
SwapFree:        1043096 kB
Dirty:                32 kB
Writeback:           104 kB
AnonPages:       1637596 kB
Mapped:           466476 kB
Shmem:             96624 kB
Slab:             760944 kB
SReclaimable:     572936 kB
SUnreclaim:       188008 kB
KernelStack:       11552 kB
PageTables:        46432 kB
NFS_Unstable:          0 kB
Bounce:                0 kB
WritebackTmp:          0 kB
CommitLimit:     5107368 kB
Committed_AS:    7393908 kB
VmallocTotal:   34359738367 kB
VmallocUsed:           0 kB
VmallocChunk:          0 kB
HardwareCorrupted:     0 kB
AnonHugePages:      6144 kB
CmaTotal:              0 kB
CmaFree:               0 kB
HugePages_Total:       0
HugePages_Free:        0
HugePages_Rsvd:        0
HugePages_Surp:        0
Hugepagesize:       2048 kB
DirectMap4k:      410204 kB
DirectMap2M:     7921664 kB
DirectMap1G:           0 kB


CPU:total 8 (4 cores per cpu, 2 threads per core) family 6 model 62 stepping 4, cmov, cx8, fxsr, mmx, sse, sse2, sse3, ssse3, sse4.1, sse4.2, popcnt, avx, aes, clmul, erms, ht, tsc, tscinvbit

CPU Model and flags from /proc/cpuinfo:
model name	: Intel(R) Xeon(R) CPU E5-1620 v2 @ 3.70GHz
flags		: fpu vme de pse tsc msr pae mce cx8 apic sep mtrr pge mca cmov pat pse36 clflush dts acpi mmx fxsr sse sse2 ss ht tm pbe syscall nx pdpe1gb rdtscp lm constant_tsc arch_perfmon pebs bts rep_good nopl xtopology nonstop_tsc aperfmperf pni pclmulqdq dtes64 monitor ds_cpl vmx smx est tm2 ssse3 cx16 xtpr pdcm pcid dca sse4_1 sse4_2 x2apic popcnt tsc_deadline_timer aes xsave avx f16c rdrand lahf_lm epb ssbd ibrs ibpb stibp kaiser tpr_shadow vnmi flexpriority ept vpid fsgsbase smep erms xsaveopt dtherm ida arat pln pts flush_l1d

Memory: 4k page, physical 8117596k(554064k free), swap 1048572k(1043096k free)

vm_info: OpenJDK 64-Bit Server VM (9-internal+0-2016-04-14-195246.buildd.src) for linux-amd64 JRE (9-internal+0-2016-04-14-195246.buildd.src), built on Apr 14 2016 20:05:37 by "buildd" with gcc 5.3.1 20160413

END.
